<?xml version="1.0" ?>
<coverage branch-rate="0" branches-covered="0" branches-valid="0" complexity="0" line-rate="0.3029" lines-covered="4100" lines-valid="13535" timestamp="1602173482601" version="5.3">
	<!-- Generated by coverage.py: https://coverage.readthedocs.io -->
	<!-- Based on https://raw.githubusercontent.com/cobertura/web/master/htdocs/xml/coverage-04.dtd -->
	<sources>
		<source></source>
	</sources>
	<packages>
		<package branch-rate="0" complexity="0" line-rate="1" name=".">
			<classes>
				<class branch-rate="0" complexity="0" filename="__init__.py" line-rate="1" name="__init__.py">
					<methods/>
					<lines>
						<line hits="1" number="2"/>
						<line hits="1" number="3"/>
						<line hits="1" number="4"/>
						<line hits="1" number="5"/>
						<line hits="1" number="7"/>
						<line hits="1" number="10"/>
						<line hits="1" number="11"/>
						<line hits="1" number="12"/>
						<line hits="1" number="13"/>
						<line hits="1" number="14"/>
						<line hits="1" number="15"/>
						<line hits="1" number="17"/>
						<line hits="1" number="18"/>
						<line hits="1" number="19"/>
						<line hits="1" number="20"/>
						<line hits="1" number="21"/>
						<line hits="1" number="23"/>
						<line hits="1" number="24"/>
						<line hits="1" number="25"/>
						<line hits="1" number="26"/>
						<line hits="1" number="27"/>
						<line hits="1" number="28"/>
						<line hits="1" number="30"/>
						<line hits="1" number="31"/>
						<line hits="1" number="32"/>
						<line hits="1" number="33"/>
						<line hits="1" number="34"/>
						<line hits="1" number="35"/>
						<line hits="1" number="36"/>
						<line hits="1" number="38"/>
						<line hits="1" number="39"/>
						<line hits="1" number="44"/>
						<line hits="1" number="45"/>
						<line hits="1" number="46"/>
						<line hits="1" number="47"/>
						<line hits="1" number="48"/>
						<line hits="1" number="50"/>
						<line hits="1" number="51"/>
						<line hits="1" number="52"/>
						<line hits="1" number="53"/>
						<line hits="1" number="54"/>
						<line hits="1" number="55"/>
						<line hits="1" number="56"/>
						<line hits="1" number="58"/>
						<line hits="1" number="59"/>
						<line hits="1" number="60"/>
						<line hits="1" number="61"/>
						<line hits="1" number="62"/>
						<line hits="1" number="64"/>
						<line hits="1" number="65"/>
						<line hits="1" number="66"/>
						<line hits="1" number="67"/>
						<line hits="1" number="69"/>
						<line hits="1" number="70"/>
						<line hits="1" number="71"/>
						<line hits="1" number="72"/>
						<line hits="1" number="74"/>
						<line hits="1" number="75"/>
						<line hits="1" number="76"/>
						<line hits="1" number="77"/>
						<line hits="1" number="78"/>
						<line hits="1" number="79"/>
						<line hits="1" number="81"/>
						<line hits="1" number="82"/>
						<line hits="1" number="83"/>
						<line hits="1" number="84"/>
						<line hits="1" number="86"/>
						<line hits="1" number="87"/>
						<line hits="1" number="88"/>
						<line hits="1" number="89"/>
						<line hits="1" number="90"/>
						<line hits="1" number="91"/>
						<line hits="1" number="92"/>
						<line hits="1" number="94"/>
						<line hits="1" number="95"/>
						<line hits="1" number="97"/>
						<line hits="1" number="98"/>
						<line hits="1" number="100"/>
						<line hits="1" number="101"/>
						<line hits="1" number="102"/>
						<line hits="1" number="112"/>
						<line hits="1" number="113"/>
						<line hits="1" number="114"/>
						<line hits="1" number="115"/>
						<line hits="1" number="116"/>
						<line hits="1" number="117"/>
						<line hits="1" number="122"/>
						<line hits="1" number="123"/>
					</lines>
				</class>
			</classes>
		</package>
		<package branch-rate="0" complexity="0" line-rate="0.4667" name=".home.owen..local.lib.python3.7.site-packages._distutils_hack">
			<classes>
				<class branch-rate="0" complexity="0" filename="/home/owen/.local/lib/python3.7/site-packages/_distutils_hack/__init__.py" line-rate="0.4576" name="__init__.py">
					<methods/>
					<lines>
						<line hits="0" number="1"/>
						<line hits="0" number="2"/>
						<line hits="0" number="3"/>
						<line hits="0" number="4"/>
						<line hits="0" number="5"/>
						<line hits="0" number="8"/>
						<line hits="0" number="11"/>
						<line hits="1" number="12"/>
						<line hits="1" number="13"/>
						<line hits="0" number="14"/>
						<line hits="0" number="17"/>
						<line hits="0" number="18"/>
						<line hits="0" number="27"/>
						<line hits="1" number="28"/>
						<line hits="1" number="29"/>
						<line hits="0" number="30"/>
						<line hits="0" number="31"/>
						<line hits="0" number="32"/>
						<line hits="0" number="33"/>
						<line hits="0" number="36"/>
						<line hits="1" number="40"/>
						<line hits="1" number="41"/>
						<line hits="0" number="44"/>
						<line hits="1" number="45"/>
						<line hits="1" number="46"/>
						<line hits="1" number="47"/>
						<line hits="1" number="48"/>
						<line hits="1" number="51"/>
						<line hits="1" number="52"/>
						<line hits="0" number="55"/>
						<line hits="1" number="62"/>
						<line hits="1" number="63"/>
						<line hits="1" number="64"/>
						<line hits="0" number="67"/>
						<line hits="0" number="68"/>
						<line hits="1" number="69"/>
						<line hits="1" number="70"/>
						<line hits="1" number="72"/>
						<line hits="1" number="73"/>
						<line hits="1" number="74"/>
						<line hits="0" number="76"/>
						<line hits="1" number="77"/>
						<line hits="1" number="79"/>
						<line hits="1" number="81"/>
						<line hits="1" number="82"/>
						<line hits="1" number="84"/>
						<line hits="1" number="85"/>
						<line hits="1" number="87"/>
						<line hits="0" number="89"/>
						<line hits="0" number="94"/>
						<line hits="0" number="95"/>
						<line hits="0" number="98"/>
						<line hits="0" number="101"/>
						<line hits="0" number="102"/>
						<line hits="0" number="105"/>
						<line hits="0" number="106"/>
						<line hits="0" number="107"/>
						<line hits="0" number="108"/>
						<line hits="0" number="109"/>
					</lines>
				</class>
				<class branch-rate="0" complexity="0" filename="/home/owen/.local/lib/python3.7/site-packages/_distutils_hack/override.py" line-rate="1" name="override.py">
					<methods/>
					<lines>
						<line hits="1" number="1"/>
					</lines>
				</class>
			</classes>
		</package>
		<package branch-rate="0" complexity="0" line-rate="0.4876" name=".home.owen..local.lib.python3.7.site-packages.pkg_resources">
			<classes>
				<class branch-rate="0" complexity="0" filename="/home/owen/.local/lib/python3.7/site-packages/pkg_resources/__init__.py" line-rate="0.4876" name="__init__.py">
					<methods/>
					<lines>
						<line hits="1" number="17"/>
						<line hits="1" number="18"/>
						<line hits="1" number="19"/>
						<line hits="1" number="20"/>
						<line hits="1" number="21"/>
						<line hits="1" number="22"/>
						<line hits="1" number="23"/>
						<line hits="1" number="24"/>
						<line hits="1" number="25"/>
						<line hits="1" number="26"/>
						<line hits="1" number="27"/>
						<line hits="1" number="28"/>
						<line hits="1" number="29"/>
						<line hits="1" number="30"/>
						<line hits="1" number="31"/>
						<line hits="1" number="32"/>
						<line hits="1" number="33"/>
						<line hits="1" number="34"/>
						<line hits="1" number="35"/>
						<line hits="1" number="36"/>
						<line hits="1" number="37"/>
						<line hits="1" number="38"/>
						<line hits="1" number="39"/>
						<line hits="1" number="40"/>
						<line hits="1" number="41"/>
						<line hits="1" number="43"/>
						<line hits="1" number="44"/>
						<line hits="0" number="45"/>
						<line hits="0" number="47"/>
						<line hits="1" number="49"/>
						<line hits="1" number="50"/>
						<line hits="0" number="51"/>
						<line hits="0" number="52"/>
						<line hits="1" number="55"/>
						<line hits="1" number="56"/>
						<line hits="1" number="57"/>
						<line hits="1" number="58"/>
						<line hits="0" number="59"/>
						<line hits="0" number="61"/>
						<line hits="1" number="63"/>
						<line hits="1" number="64"/>
						<line hits="1" number="66"/>
						<line hits="1" number="67"/>
						<line hits="1" number="69"/>
						<line hits="0" number="70"/>
						<line hits="0" number="71"/>
						<line hits="1" number="73"/>
						<line hits="1" number="74"/>
						<line hits="1" number="75"/>
						<line hits="1" number="76"/>
						<line hits="1" number="77"/>
						<line hits="1" number="78"/>
						<line hits="1" number="80"/>
						<line hits="0" number="81"/>
						<line hits="1" number="85"/>
						<line hits="1" number="86"/>
						<line hits="1" number="87"/>
						<line hits="1" number="88"/>
						<line hits="1" number="89"/>
						<line hits="1" number="90"/>
						<line hits="1" number="91"/>
						<line hits="1" number="92"/>
						<line hits="1" number="93"/>
						<line hits="1" number="94"/>
						<line hits="1" number="95"/>
						<line hits="1" number="96"/>
						<line hits="1" number="97"/>
						<line hits="1" number="98"/>
						<line hits="1" number="99"/>
						<line hits="1" number="100"/>
						<line hits="1" number="101"/>
						<line hits="1" number="104"/>
						<line hits="1" number="111"/>
						<line hits="0" number="112"/>
						<line hits="0" number="113"/>
						<line hits="0" number="114"/>
						<line hits="0" number="115"/>
						<line hits="1" number="118"/>
						<line hits="1" number="121"/>
						<line hits="1" number="122"/>
						<line hits="1" number="123"/>
						<line hits="1" number="126"/>
						<line hits="0" number="127"/>
						<line hits="0" number="128"/>
						<line hits="0" number="129"/>
						<line hits="0" number="130"/>
						<line hits="0" number="131"/>
						<line hits="1" number="134"/>
						<line hits="0" number="135"/>
						<line hits="0" number="136"/>
						<line hits="0" number="137"/>
						<line hits="0" number="138"/>
						<line hits="1" number="141"/>
						<line hits="0" number="142"/>
						<line hits="1" number="145"/>
						<line hits="0" number="146"/>
						<line hits="0" number="147"/>
						<line hits="1" number="150"/>
						<line hits="0" number="151"/>
						<line hits="1" number="154"/>
						<line hits="0" number="155"/>
						<line hits="1" number="158"/>
						<line hits="1" number="161"/>
						<line hits="1" number="174"/>
						<line hits="1" number="175"/>
						<line hits="1" number="176"/>
						<line hits="0" number="177"/>
						<line hits="0" number="178"/>
						<line hits="0" number="179"/>
						<line hits="0" number="181"/>
						<line hits="1" number="182"/>
						<line hits="1" number="185"/>
						<line hits="1" number="235"/>
						<line hits="1" number="238"/>
						<line hits="0" number="239"/>
						<line hits="1" number="242"/>
						<line hits="1" number="250"/>
						<line hits="1" number="252"/>
						<line hits="0" number="254"/>
						<line hits="1" number="256"/>
						<line hits="0" number="258"/>
						<line hits="1" number="260"/>
						<line hits="0" number="261"/>
						<line hits="1" number="263"/>
						<line hits="0" number="268"/>
						<line hits="0" number="269"/>
						<line hits="0" number="270"/>
						<line hits="0" number="271"/>
						<line hits="1" number="274"/>
						<line hits="1" number="280"/>
						<line hits="1" number="282"/>
						<line hits="0" number="284"/>
						<line hits="1" number="287"/>
						<line hits="1" number="290"/>
						<line hits="1" number="293"/>
						<line hits="0" number="295"/>
						<line hits="1" number="297"/>
						<line hits="0" number="299"/>
						<line hits="1" number="301"/>
						<line hits="0" number="303"/>
						<line hits="0" number="304"/>
						<line hits="0" number="305"/>
						<line hits="1" number="307"/>
						<line hits="0" number="308"/>
						<line hits="1" number="310"/>
						<line hits="0" number="311"/>
						<line hits="1" number="314"/>
						<line hits="1" number="318"/>
						<line hits="1" number="320"/>
						<line hits="1" number="321"/>
						<line hits="1" number="322"/>
						<line hits="1" number="323"/>
						<line hits="1" number="324"/>
						<line hits="1" number="325"/>
						<line hits="1" number="328"/>
						<line hits="1" number="335"/>
						<line hits="1" number="338"/>
						<line hits="1" number="340"/>
						<line hits="1" number="341"/>
						<line hits="0" number="342"/>
						<line hits="0" number="343"/>
						<line hits="0" number="344"/>
						<line hits="0" number="345"/>
						<line hits="0" number="346"/>
						<line hits="0" number="347"/>
						<line hits="0" number="348"/>
						<line hits="1" number="351"/>
						<line hits="0" number="352"/>
						<line hits="0" number="353"/>
						<line hits="0" number="355"/>
						<line hits="0" number="356"/>
						<line hits="0" number="357"/>
						<line hits="0" number="358"/>
						<line hits="0" number="359"/>
						<line hits="0" number="360"/>
						<line hits="0" number="361"/>
						<line hits="0" number="363"/>
						<line hits="0" number="364"/>
						<line hits="1" number="367"/>
						<line hits="0" number="368"/>
						<line hits="1" number="371"/>
						<line hits="1" number="377"/>
						<line hits="1" number="379"/>
						<line hits="1" number="380"/>
						<line hits="0" number="381"/>
						<line hits="0" number="382"/>
						<line hits="0" number="383"/>
						<line hits="0" number="384"/>
						<line hits="0" number="388"/>
						<line hits="0" number="391"/>
						<line hits="1" number="392"/>
						<line hits="1" number="395"/>
						<line hits="1" number="396"/>
						<line hits="1" number="398"/>
						<line hits="1" number="401"/>
						<line hits="0" number="408"/>
						<line hits="0" number="410"/>
						<line hits="0" number="413"/>
						<line hits="0" number="414"/>
						<line hits="0" number="415"/>
						<line hits="0" number="418"/>
						<line hits="0" number="422"/>
						<line hits="0" number="423"/>
						<line hits="0" number="424"/>
						<line hits="0" number="425"/>
						<line hits="0" number="426"/>
						<line hits="0" number="428"/>
						<line hits="0" number="430"/>
						<line hits="0" number="433"/>
						<line hits="0" number="435"/>
						<line hits="0" number="438"/>
						<line hits="0" number="439"/>
						<line hits="0" number="441"/>
						<line hits="0" number="444"/>
						<line hits="1" number="447"/>
						<line hits="0" number="449"/>
						<line hits="0" number="450"/>
						<line hits="0" number="451"/>
						<line hits="0" number="452"/>
						<line hits="0" number="453"/>
						<line hits="1" number="457"/>
						<line hits="1" number="460"/>
						<line hits="1" number="462"/>
						<line hits="1" number="463"/>
						<line hits="1" number="464"/>
						<line hits="1" number="465"/>
						<line hits="1" number="466"/>
						<line hits="0" number="467"/>
						<line hits="1" number="468"/>
						<line hits="1" number="471"/>
						<line hits="0" number="473"/>
						<line hits="1" number="476"/>
						<line hits="0" number="478"/>
						<line hits="1" number="481"/>
						<line hits="0" number="483"/>
						<line hits="1" number="486"/>
						<line hits="1" number="487"/>
						<line hits="1" number="490"/>
						<line hits="1" number="493"/>
						<line hits="1" number="499"/>
						<line hits="1" number="502"/>
						<line hits="1" number="505"/>
						<line hits="1" number="509"/>
						<line hits="1" number="512"/>
						<line hits="1" number="517"/>
						<line hits="1" number="522"/>
						<line hits="1" number="527"/>
						<line hits="1" number="530"/>
						<line hits="1" number="533"/>
						<line hits="1" number="537"/>
						<line hits="1" number="540"/>
						<line hits="1" number="542"/>
						<line hits="1" number="543"/>
						<line hits="1" number="544"/>
						<line hits="1" number="545"/>
						<line hits="1" number="547"/>
						<line hits="1" number="548"/>
						<line hits="1" number="550"/>
						<line hits="1" number="551"/>
						<line hits="1" number="553"/>
						<line hits="1" number="558"/>
						<line hits="1" number="559"/>
						<line hits="1" number="560"/>
						<line hits="1" number="561"/>
						<line hits="1" number="563"/>
						<line hits="0" number="566"/>
						<line hits="0" number="567"/>
						<line hits="0" number="568"/>
						<line hits="0" number="569"/>
						<line hits="0" number="571"/>
						<line hits="1" number="573"/>
						<line hits="0" number="580"/>
						<line hits="0" number="581"/>
						<line hits="0" number="582"/>
						<line hits="0" number="583"/>
						<line hits="0" number="584"/>
						<line hits="0" number="587"/>
						<line hits="0" number="588"/>
						<line hits="0" number="589"/>
						<line hits="0" number="592"/>
						<line hits="0" number="593"/>
						<line hits="1" number="595"/>
						<line hits="1" number="605"/>
						<line hits="1" number="606"/>
						<line hits="1" number="607"/>
						<line hits="1" number="608"/>
						<line hits="1" number="610"/>
						<line hits="0" number="612"/>
						<line hits="1" number="614"/>
						<line hits="1" number="624"/>
						<line hits="1" number="625"/>
						<line hits="0" number="627"/>
						<line hits="1" number="628"/>
						<line hits="1" number="630"/>
						<line hits="0" number="637"/>
						<line hits="1" number="644"/>
						<line hits="0" number="646"/>
						<line hits="0" number="647"/>
						<line hits="0" number="648"/>
						<line hits="0" number="649"/>
						<line hits="0" number="650"/>
						<line hits="1" number="652"/>
						<line hits="1" number="658"/>
						<line hits="1" number="659"/>
						<line hits="1" number="660"/>
						<line hits="0" number="662"/>
						<line hits="1" number="664"/>
						<line hits="1" number="665"/>
						<line hits="1" number="666"/>
						<line hits="1" number="667"/>
						<line hits="1" number="669"/>
						<line hits="1" number="681"/>
						<line hits="0" number="682"/>
						<line hits="1" number="684"/>
						<line hits="0" number="685"/>
						<line hits="1" number="686"/>
						<line hits="1" number="687"/>
						<line hits="1" number="688"/>
						<line hits="1" number="690"/>
						<line hits="1" number="692"/>
						<line hits="1" number="693"/>
						<line hits="1" number="694"/>
						<line hits="1" number="695"/>
						<line hits="0" number="696"/>
						<line hits="1" number="697"/>
						<line hits="1" number="699"/>
						<line hits="0" number="726"/>
						<line hits="0" number="728"/>
						<line hits="0" number="730"/>
						<line hits="0" number="731"/>
						<line hits="0" number="733"/>
						<line hits="0" number="737"/>
						<line hits="0" number="739"/>
						<line hits="0" number="741"/>
						<line hits="0" number="742"/>
						<line hits="0" number="744"/>
						<line hits="0" number="746"/>
						<line hits="0" number="747"/>
						<line hits="0" number="749"/>
						<line hits="0" number="750"/>
						<line hits="0" number="752"/>
						<line hits="0" number="753"/>
						<line hits="0" number="754"/>
						<line hits="0" number="755"/>
						<line hits="0" number="756"/>
						<line hits="0" number="757"/>
						<line hits="0" number="762"/>
						<line hits="0" number="763"/>
						<line hits="0" number="764"/>
						<line hits="0" number="768"/>
						<line hits="0" number="769"/>
						<line hits="0" number="770"/>
						<line hits="0" number="771"/>
						<line hits="0" number="772"/>
						<line hits="0" number="774"/>
						<line hits="0" number="775"/>
						<line hits="0" number="778"/>
						<line hits="0" number="779"/>
						<line hits="0" number="782"/>
						<line hits="0" number="783"/>
						<line hits="0" number="784"/>
						<line hits="0" number="786"/>
						<line hits="0" number="789"/>
						<line hits="1" number="791"/>
						<line hits="0" number="827"/>
						<line hits="0" number="829"/>
						<line hits="0" number="831"/>
						<line hits="0" number="832"/>
						<line hits="0" number="834"/>
						<line hits="0" number="835"/>
						<line hits="0" number="836"/>
						<line hits="0" number="838"/>
						<line hits="0" number="840"/>
						<line hits="0" number="842"/>
						<line hits="0" number="844"/>
						<line hits="0" number="846"/>
						<line hits="0" number="848"/>
						<line hits="0" number="850"/>
						<line hits="0" number="851"/>
						<line hits="0" number="853"/>
						<line hits="0" number="855"/>
						<line hits="0" number="856"/>
						<line hits="0" number="858"/>
						<line hits="0" number="861"/>
						<line hits="0" number="864"/>
						<line hits="0" number="865"/>
						<line hits="0" number="868"/>
						<line hits="0" number="870"/>
						<line hits="0" number="871"/>
						<line hits="0" number="873"/>
						<line hits="1" number="875"/>
						<line hits="0" number="884"/>
						<line hits="0" number="886"/>
						<line hits="0" number="887"/>
						<line hits="0" number="889"/>
						<line hits="1" number="891"/>
						<line hits="1" number="897"/>
						<line hits="0" number="898"/>
						<line hits="1" number="899"/>
						<line hits="1" number="900"/>
						<line hits="1" number="901"/>
						<line hits="0" number="902"/>
						<line hits="0" number="903"/>
						<line hits="1" number="905"/>
						<line hits="1" number="906"/>
						<line hits="0" number="907"/>
						<line hits="1" number="909"/>
						<line hits="0" number="910"/>
						<line hits="1" number="915"/>
						<line hits="0" number="916"/>
						<line hits="0" number="917"/>
						<line hits="0" number="918"/>
						<line hits="0" number="919"/>
						<line hits="0" number="920"/>
						<line hits="1" number="923"/>
						<line hits="1" number="928"/>
						<line hits="0" number="936"/>
						<line hits="0" number="940"/>
						<line hits="1" number="943"/>
						<line hits="1" number="946"/>
						<line hits="0" number="965"/>
						<line hits="0" number="966"/>
						<line hits="0" number="967"/>
						<line hits="0" number="968"/>
						<line hits="1" number="970"/>
						<line hits="0" number="977"/>
						<line hits="0" number="982"/>
						<line hits="1" number="984"/>
						<line hits="0" number="986"/>
						<line hits="1" number="988"/>
						<line hits="0" number="996"/>
						<line hits="0" number="997"/>
						<line hits="0" number="999"/>
						<line hits="0" number="1000"/>
						<line hits="0" number="1001"/>
						<line hits="1" number="1003"/>
						<line hits="0" number="1011"/>
						<line hits="0" number="1012"/>
						<line hits="1" number="1014"/>
						<line hits="0" number="1017"/>
						<line hits="0" number="1018"/>
						<line hits="0" number="1019"/>
						<line hits="0" number="1020"/>
						<line hits="0" number="1021"/>
						<line hits="1" number="1023"/>
						<line hits="0" number="1037"/>
						<line hits="0" number="1038"/>
						<line hits="0" number="1039"/>
						<line hits="0" number="1040"/>
						<line hits="0" number="1041"/>
						<line hits="0" number="1042"/>
						<line hits="0" number="1043"/>
						<line hits="0" number="1044"/>
						<line hits="0" number="1045"/>
						<line hits="0" number="1046"/>
						<line hits="0" number="1047"/>
						<line hits="0" number="1049"/>
						<line hits="1" number="1051"/>
						<line hits="0" number="1060"/>
						<line hits="0" number="1061"/>
						<line hits="1" number="1063"/>
						<line hits="0" number="1065"/>
						<line hits="0" number="1066"/>
						<line hits="0" number="1067"/>
						<line hits="1" number="1069"/>
						<line hits="0" number="1071"/>
						<line hits="0" number="1072"/>
						<line hits="0" number="1073"/>
						<line hits="0" number="1074"/>
						<line hits="0" number="1075"/>
						<line hits="0" number="1076"/>
						<line hits="0" number="1078"/>
						<line hits="0" number="1079"/>
						<line hits="1" number="1081"/>
						<line hits="0" number="1083"/>
						<line hits="0" number="1084"/>
						<line hits="0" number="1085"/>
						<line hits="0" number="1086"/>
						<line hits="1" number="1090"/>
						<line hits="1" number="1093"/>
						<line hits="1" number="1109"/>
						<line hits="1" number="1111"/>
						<line hits="1" number="1113"/>
						<line hits="1" number="1114"/>
						<line hits="1" number="1116"/>
						<line hits="0" number="1118"/>
						<line hits="1" number="1120"/>
						<line hits="0" number="1122"/>
						<line hits="1" number="1126"/>
						<line hits="0" number="1128"/>
						<line hits="1" number="1132"/>
						<line hits="0" number="1134"/>
						<line hits="1" number="1138"/>
						<line hits="0" number="1140"/>
						<line hits="1" number="1144"/>
						<line hits="0" number="1146"/>
						<line hits="1" number="1150"/>
						<line hits="0" number="1153"/>
						<line hits="0" number="1154"/>
						<line hits="0" number="1156"/>
						<line hits="0" number="1172"/>
						<line hits="0" number="1173"/>
						<line hits="0" number="1174"/>
						<line hits="0" number="1175"/>
						<line hits="0" number="1176"/>
						<line hits="1" number="1178"/>
						<line hits="0" number="1191"/>
						<line hits="0" number="1192"/>
						<line hits="0" number="1193"/>
						<line hits="0" number="1194"/>
						<line hits="0" number="1195"/>
						<line hits="0" number="1196"/>
						<line hits="0" number="1198"/>
						<line hits="0" number="1200"/>
						<line hits="0" number="1201"/>
						<line hits="1" number="1203"/>
						<line hits="0" number="1213"/>
						<line hits="0" number="1217"/>
						<line hits="0" number="1218"/>
						<line hits="0" number="1219"/>
						<line hits="0" number="1220"/>
						<line hits="0" number="1228"/>
						<line hits="1" number="1230"/>
						<line hits="0" number="1245"/>
						<line hits="0" number="1247"/>
						<line hits="0" number="1248"/>
						<line hits="1" number="1250"/>
						<line hits="0" number="1269"/>
						<line hits="0" number="1270"/>
						<line hits="0" number="1274"/>
						<line hits="1" number="1276"/>
						<line hits="1" number="1290"/>
						<line hits="0" number="1296"/>
						<line hits="1" number="1302"/>
						<line hits="1" number="1307"/>
						<line hits="1" number="1310"/>
						<line hits="1" number="1314"/>
						<line hits="1" number="1316"/>
						<line hits="0" number="1317"/>
						<line hits="0" number="1318"/>
						<line hits="0" number="1319"/>
						<line hits="1" number="1322"/>
						<line hits="0" number="1328"/>
						<line hits="1" number="1331"/>
						<line hits="0" number="1336"/>
						<line hits="1" number="1339"/>
						<line hits="0" number="1344"/>
						<line hits="0" number="1345"/>
						<line hits="0" number="1346"/>
						<line hits="0" number="1347"/>
						<line hits="0" number="1348"/>
						<line hits="0" number="1349"/>
						<line hits="0" number="1350"/>
						<line hits="1" number="1353"/>
						<line hits="0" number="1361"/>
						<line hits="0" number="1362"/>
						<line hits="0" number="1363"/>
						<line hits="0" number="1364"/>
						<line hits="0" number="1365"/>
						<line hits="1" number="1368"/>
						<line hits="1" number="1371"/>
						<line hits="1" number="1372"/>
						<line hits="1" number="1373"/>
						<line hits="1" number="1375"/>
						<line hits="0" number="1376"/>
						<line hits="0" number="1377"/>
						<line hits="1" number="1379"/>
						<line hits="0" number="1380"/>
						<line hits="1" number="1382"/>
						<line hits="0" number="1383"/>
						<line hits="1" number="1385"/>
						<line hits="0" number="1386"/>
						<line hits="1" number="1388"/>
						<line hits="0" number="1389"/>
						<line hits="1" number="1391"/>
						<line hits="1" number="1392"/>
						<line hits="1" number="1394"/>
						<line hits="1" number="1395"/>
						<line hits="0" number="1396"/>
						<line hits="1" number="1398"/>
						<line hits="1" number="1399"/>
						<line hits="1" number="1401"/>
						<line hits="1" number="1402"/>
						<line hits="0" number="1403"/>
						<line hits="1" number="1404"/>
						<line hits="1" number="1405"/>
						<line hits="1" number="1406"/>
						<line hits="1" number="1407"/>
						<line hits="0" number="1408"/>
						<line hits="0" number="1411"/>
						<line hits="0" number="1412"/>
						<line hits="1" number="1414"/>
						<line hits="1" number="1415"/>
						<line hits="1" number="1417"/>
						<line hits="0" number="1418"/>
						<line hits="1" number="1420"/>
						<line hits="0" number="1421"/>
						<line hits="1" number="1423"/>
						<line hits="0" number="1424"/>
						<line hits="1" number="1426"/>
						<line hits="0" number="1427"/>
						<line hits="0" number="1428"/>
						<line hits="0" number="1429"/>
						<line hits="1" number="1431"/>
						<line hits="0" number="1432"/>
						<line hits="0" number="1433"/>
						<line hits="0" number="1434"/>
						<line hits="0" number="1438"/>
						<line hits="0" number="1439"/>
						<line hits="0" number="1440"/>
						<line hits="0" number="1441"/>
						<line hits="0" number="1442"/>
						<line hits="0" number="1443"/>
						<line hits="0" number="1444"/>
						<line hits="0" number="1445"/>
						<line hits="0" number="1446"/>
						<line hits="0" number="1448"/>
						<line hits="0" number="1449"/>
						<line hits="0" number="1452"/>
						<line hits="0" number="1453"/>
						<line hits="1" number="1455"/>
						<line hits="0" number="1456"/>
						<line hits="1" number="1460"/>
						<line hits="0" number="1461"/>
						<line hits="1" number="1465"/>
						<line hits="0" number="1466"/>
						<line hits="1" number="1470"/>
						<line hits="1" number="1471"/>
						<line hits="1" number="1472"/>
						<line hits="1" number="1473"/>
						<line hits="0" number="1474"/>
						<line hits="1" number="1476"/>
						<line hits="1" number="1529"/>
						<line hits="1" number="1534"/>
						<line hits="1" number="1535"/>
						<line hits="0" number="1537"/>
						<line hits="0" number="1540"/>
						<line hits="0" number="1541"/>
						<line hits="0" number="1545"/>
						<line hits="1" number="1551"/>
						<line hits="0" number="1552"/>
						<line hits="0" number="1553"/>
						<line hits="0" number="1554"/>
						<line hits="1" number="1559"/>
						<line hits="1" number="1562"/>
						<line hits="1" number="1566"/>
						<line hits="1" number="1567"/>
						<line hits="1" number="1568"/>
						<line hits="0" number="1569"/>
						<line hits="0" number="1570"/>
						<line hits="1" number="1573"/>
						<line hits="1" number="1576"/>
						<line hits="0" number="1577"/>
						<line hits="0" number="1578"/>
						<line hits="1" number="1580"/>
						<line hits="1" number="1583"/>
						<line hits="1" number="1584"/>
						<line hits="1" number="1585"/>
						<line hits="1" number="1587"/>
						<line hits="1" number="1588"/>
						<line hits="1" number="1589"/>
						<line hits="1" number="1590"/>
						<line hits="1" number="1593"/>
						<line hits="1" number="1596"/>
						<line hits="1" number="1597"/>
						<line hits="1" number="1599"/>
						<line hits="0" number="1600"/>
						<line hits="1" number="1602"/>
						<line hits="0" number="1603"/>
						<line hits="1" number="1605"/>
						<line hits="0" number="1606"/>
						<line hits="1" number="1608"/>
						<line hits="1" number="1609"/>
						<line hits="1" number="1610"/>
						<line hits="1" number="1612"/>
						<line hits="1" number="1614"/>
						<line hits="1" number="1615"/>
						<line hits="1" number="1616"/>
						<line hits="1" number="1617"/>
						<line hits="1" number="1620"/>
						<line hits="1" number="1623"/>
						<line hits="1" number="1626"/>
						<line hits="1" number="1628"/>
						<line hits="1" number="1630"/>
						<line hits="0" number="1631"/>
						<line hits="1" number="1633"/>
						<line hits="0" number="1634"/>
						<line hits="1" number="1636"/>
						<line hits="1" number="1637"/>
						<line hits="1" number="1640"/>
						<line hits="1" number="1643"/>
						<line hits="1" number="1648"/>
						<line hits="1" number="1657"/>
						<line hits="1" number="1658"/>
						<line hits="1" number="1665"/>
						<line hits="1" number="1667"/>
						<line hits="1" number="1670"/>
						<line hits="1" number="1674"/>
						<line hits="1" number="1676"/>
						<line hits="1" number="1680"/>
						<line hits="1" number="1681"/>
						<line hits="1" number="1683"/>
						<line hits="1" number="1684"/>
						<line hits="1" number="1685"/>
						<line hits="1" number="1687"/>
						<line hits="1" number="1690"/>
						<line hits="1" number="1693"/>
						<line hits="1" number="1694"/>
						<line hits="1" number="1696"/>
						<line hits="0" number="1697"/>
						<line hits="0" number="1698"/>
						<line hits="1" number="1700"/>
						<line hits="1" number="1703"/>
						<line hits="1" number="1704"/>
						<line hits="0" number="1705"/>
						<line hits="1" number="1706"/>
						<line hits="1" number="1707"/>
						<line hits="0" number="1708"/>
						<line hits="1" number="1712"/>
						<line hits="0" number="1715"/>
						<line hits="0" number="1716"/>
						<line hits="0" number="1717"/>
						<line hits="0" number="1718"/>
						<line hits="1" number="1722"/>
						<line hits="1" number="1724"/>
						<line hits="1" number="1726"/>
						<line hits="0" number="1727"/>
						<line hits="0" number="1728"/>
						<line hits="0" number="1732"/>
						<line hits="0" number="1733"/>
						<line hits="0" number="1734"/>
						<line hits="0" number="1735"/>
						<line hits="0" number="1736"/>
						<line hits="0" number="1737"/>
						<line hits="1" number="1739"/>
						<line hits="0" number="1741"/>
						<line hits="0" number="1743"/>
						<line hits="0" number="1745"/>
						<line hits="0" number="1746"/>
						<line hits="1" number="1748"/>
						<line hits="0" number="1750"/>
						<line hits="0" number="1751"/>
						<line hits="0" number="1752"/>
						<line hits="0" number="1756"/>
						<line hits="0" number="1758"/>
						<line hits="0" number="1760"/>
						<line hits="0" number="1761"/>
						<line hits="0" number="1763"/>
						<line hits="0" number="1765"/>
						<line hits="0" number="1769"/>
						<line hits="0" number="1770"/>
						<line hits="0" number="1772"/>
						<line hits="0" number="1776"/>
						<line hits="0" number="1777"/>
						<line hits="0" number="1778"/>
						<line hits="0" number="1779"/>
						<line hits="0" number="1781"/>
						<line hits="0" number="1782"/>
						<line hits="0" number="1784"/>
						<line hits="0" number="1785"/>
						<line hits="0" number="1786"/>
						<line hits="0" number="1789"/>
						<line hits="0" number="1791"/>
						<line hits="0" number="1792"/>
						<line hits="0" number="1793"/>
						<line hits="0" number="1794"/>
						<line hits="0" number="1795"/>
						<line hits="0" number="1797"/>
						<line hits="0" number="1799"/>
						<line hits="0" number="1801"/>
						<line hits="1" number="1803"/>
						<line hits="0" number="1807"/>
						<line hits="0" number="1808"/>
						<line hits="0" number="1809"/>
						<line hits="0" number="1810"/>
						<line hits="0" number="1811"/>
						<line hits="0" number="1812"/>
						<line hits="0" number="1814"/>
						<line hits="0" number="1815"/>
						<line hits="0" number="1816"/>
						<line hits="0" number="1817"/>
						<line hits="1" number="1819"/>
						<line hits="0" number="1820"/>
						<line hits="0" number="1821"/>
						<line hits="0" number="1822"/>
						<line hits="0" number="1823"/>
						<line hits="0" number="1824"/>
						<line hits="0" number="1825"/>
						<line hits="0" number="1826"/>
						<line hits="1" number="1828"/>
						<line hits="1" number="1829"/>
						<line hits="1" number="1830"/>
						<line hits="1" number="1831"/>
						<line hits="1" number="1832"/>
						<line hits="1" number="1833"/>
						<line hits="1" number="1834"/>
						<line hits="1" number="1835"/>
						<line hits="1" number="1836"/>
						<line hits="1" number="1837"/>
						<line hits="1" number="1838"/>
						<line hits="1" number="1839"/>
						<line hits="1" number="1841"/>
						<line hits="1" number="1842"/>
						<line hits="1" number="1843"/>
						<line hits="1" number="1845"/>
						<line hits="1" number="1846"/>
						<line hits="1" number="1847"/>
						<line hits="1" number="1849"/>
						<line hits="0" number="1850"/>
						<line hits="1" number="1852"/>
						<line hits="0" number="1853"/>
						<line hits="1" number="1855"/>
						<line hits="0" number="1856"/>
						<line hits="1" number="1858"/>
						<line hits="0" number="1859"/>
						<line hits="1" number="1862"/>
						<line hits="1" number="1865"/>
						<line hits="1" number="1877"/>
						<line hits="1" number="1878"/>
						<line hits="1" number="1880"/>
						<line hits="0" number="1881"/>
						<line hits="1" number="1883"/>
						<line hits="1" number="1884"/>
						<line hits="1" number="1886"/>
						<line hits="1" number="1887"/>
						<line hits="0" number="1888"/>
						<line hits="1" number="1890"/>
						<line hits="1" number="1891"/>
						<line hits="1" number="1892"/>
						<line hits="1" number="1893"/>
						<line hits="1" number="1895"/>
						<line hits="1" number="1896"/>
						<line hits="1" number="1897"/>
						<line hits="0" number="1898"/>
						<line hits="0" number="1899"/>
						<line hits="0" number="1900"/>
						<line hits="1" number="1902"/>
						<line hits="1" number="1903"/>
						<line hits="1" number="1906"/>
						<line hits="1" number="1926"/>
						<line hits="1" number="1927"/>
						<line hits="1" number="1928"/>
						<line hits="1" number="1931"/>
						<line hits="1" number="1934"/>
						<line hits="1" number="1937"/>
						<line hits="1" number="1938"/>
						<line hits="1" number="1939"/>
						<line hits="0" number="1940"/>
						<line hits="1" number="1942"/>
						<line hits="1" number="1943"/>
						<line hits="1" number="1946"/>
						<line hits="1" number="1949"/>
						<line hits="1" number="1956"/>
						<line hits="1" number="1959"/>
						<line hits="1" number="1961"/>
						<line hits="1" number="1962"/>
						<line hits="1" number="1963"/>
						<line hits="1" number="1966"/>
						<line hits="1" number="1970"/>
						<line hits="0" number="1973"/>
						<line hits="1" number="1974"/>
						<line hits="1" number="1975"/>
						<line hits="1" number="1976"/>
						<line hits="1" number="1977"/>
						<line hits="1" number="1979"/>
						<line hits="0" number="1980"/>
						<line hits="0" number="1981"/>
						<line hits="0" number="1982"/>
						<line hits="0" number="1983"/>
						<line hits="0" number="1984"/>
						<line hits="0" number="1985"/>
						<line hits="0" number="1986"/>
						<line hits="0" number="1987"/>
						<line hits="0" number="1988"/>
						<line hits="0" number="1989"/>
						<line hits="0" number="1990"/>
						<line hits="1" number="1993"/>
						<line hits="1" number="1996"/>
						<line hits="1" number="1997"/>
						<line hits="1" number="2000"/>
						<line hits="1" number="2003"/>
						<line hits="1" number="2018"/>
						<line hits="1" number="2022"/>
						<line hits="1" number="2023"/>
						<line hits="1" number="2024"/>
						<line hits="1" number="2026"/>
						<line hits="1" number="2029"/>
						<line hits="1" number="2031"/>
						<line hits="1" number="2033"/>
						<line hits="0" number="2034"/>
						<line hits="0" number="2039"/>
						<line hits="1" number="2041"/>
						<line hits="1" number="2049"/>
						<line hits="1" number="2056"/>
						<line hits="1" number="2057"/>
						<line hits="1" number="2058"/>
						<line hits="1" number="2059"/>
						<line hits="1" number="2060"/>
						<line hits="1" number="2061"/>
						<line hits="1" number="2064"/>
						<line hits="1" number="2066"/>
						<line hits="1" number="2067"/>
						<line hits="1" number="2068"/>
						<line hits="1" number="2072"/>
						<line hits="1" number="2073"/>
						<line hits="1" number="2084"/>
						<line hits="1" number="2092"/>
						<line hits="1" number="2093"/>
						<line hits="1" number="2095"/>
						<line hits="0" number="2096"/>
						<line hits="1" number="2099"/>
						<line hits="1" number="2103"/>
						<line hits="1" number="2104"/>
						<line hits="0" number="2105"/>
						<line hits="0" number="2106"/>
						<line hits="0" number="2107"/>
						<line hits="0" number="2110"/>
						<line hits="0" number="2111"/>
						<line hits="0" number="2112"/>
						<line hits="1" number="2115"/>
						<line hits="1" number="2116"/>
						<line hits="1" number="2117"/>
						<line hits="1" number="2118"/>
						<line hits="0" number="2120"/>
						<line hits="1" number="2121"/>
						<line hits="1" number="2123"/>
						<line hits="1" number="2124"/>
						<line hits="1" number="2125"/>
						<line hits="1" number="2130"/>
						<line hits="0" number="2134"/>
						<line hits="0" number="2135"/>
						<line hits="0" number="2136"/>
						<line hits="0" number="2137"/>
						<line hits="0" number="2138"/>
						<line hits="1" number="2141"/>
						<line hits="0" number="2146"/>
						<line hits="0" number="2147"/>
						<line hits="0" number="2151"/>
						<line hits="0" number="2152"/>
						<line hits="1" number="2155"/>
						<line hits="1" number="2157"/>
						<line hits="1" number="2158"/>
						<line hits="1" number="2160"/>
						<line hits="1" number="2161"/>
						<line hits="1" number="2164"/>
						<line hits="1" number="2179"/>
						<line hits="1" number="2182"/>
						<line hits="1" number="2185"/>
						<line hits="1" number="2186"/>
						<line hits="1" number="2187"/>
						<line hits="1" number="2190"/>
						<line hits="1" number="2191"/>
						<line hits="1" number="2192"/>
						<line hits="1" number="2194"/>
						<line hits="1" number="2195"/>
						<line hits="1" number="2196"/>
						<line hits="1" number="2198"/>
						<line hits="1" number="2199"/>
						<line hits="1" number="2200"/>
						<line hits="1" number="2201"/>
						<line hits="0" number="2202"/>
						<line hits="0" number="2203"/>
						<line hits="0" number="2204"/>
						<line hits="1" number="2205"/>
						<line hits="0" number="2206"/>
						<line hits="1" number="2207"/>
						<line hits="1" number="2208"/>
						<line hits="1" number="2209"/>
						<line hits="0" number="2210"/>
						<line hits="0" number="2211"/>
						<line hits="0" number="2212"/>
						<line hits="0" number="2213"/>
						<line hits="1" number="2214"/>
						<line hits="1" number="2217"/>
						<line hits="0" number="2222"/>
						<line hits="0" number="2224"/>
						<line hits="0" number="2228"/>
						<line hits="0" number="2229"/>
						<line hits="0" number="2230"/>
						<line hits="0" number="2231"/>
						<line hits="0" number="2233"/>
						<line hits="0" number="2237"/>
						<line hits="0" number="2238"/>
						<line hits="0" number="2239"/>
						<line hits="0" number="2240"/>
						<line hits="0" number="2242"/>
						<line hits="0" number="2243"/>
						<line hits="0" number="2245"/>
						<line hits="0" number="2246"/>
						<line hits="0" number="2248"/>
						<line hits="1" number="2251"/>
						<line hits="1" number="2254"/>
						<line hits="1" number="2255"/>
						<line hits="1" number="2256"/>
						<line hits="1" number="2257"/>
						<line hits="1" number="2259"/>
						<line hits="1" number="2260"/>
						<line hits="1" number="2262"/>
						<line hits="0" number="2263"/>
						<line hits="0" number="2264"/>
						<line hits="0" number="2265"/>
						<line hits="0" number="2266"/>
						<line hits="0" number="2267"/>
						<line hits="0" number="2268"/>
						<line hits="0" number="2269"/>
						<line hits="1" number="2273"/>
						<line hits="1" number="2274"/>
						<line hits="1" number="2276"/>
						<line hits="1" number="2279"/>
						<line hits="1" number="2282"/>
						<line hits="1" number="2285"/>
						<line hits="1" number="2287"/>
						<line hits="1" number="2288"/>
						<line hits="1" number="2289"/>
						<line hits="1" number="2290"/>
						<line hits="1" number="2291"/>
						<line hits="0" number="2292"/>
						<line hits="1" number="2294"/>
						<line hits="1" number="2297"/>
						<line hits="1" number="2300"/>
						<line hits="1" number="2301"/>
						<line hits="1" number="2302"/>
						<line hits="1" number="2303"/>
						<line hits="1" number="2304"/>
						<line hits="0" number="2307"/>
						<line hits="1" number="2310"/>
						<line hits="1" number="2311"/>
						<line hits="1" number="2313"/>
						<line hits="1" number="2314"/>
						<line hits="1" number="2317"/>
						<line hits="0" number="2318"/>
						<line hits="1" number="2321"/>
						<line hits="1" number="2324"/>
						<line hits="1" number="2326"/>
						<line hits="1" number="2341"/>
						<line hits="1" number="2342"/>
						<line hits="1" number="2343"/>
						<line hits="1" number="2344"/>
						<line hits="1" number="2345"/>
						<line hits="1" number="2346"/>
						<line hits="1" number="2349"/>
						<line hits="1" number="2353"/>
						<line hits="1" number="2356"/>
						<line hits="1" number="2357"/>
						<line hits="1" number="2364"/>
						<line hits="1" number="2368"/>
						<line hits="1" number="2374"/>
						<line hits="0" number="2375"/>
						<line hits="0" number="2376"/>
						<line hits="0" number="2377"/>
						<line hits="0" number="2378"/>
						<line hits="0" number="2379"/>
						<line hits="1" number="2382"/>
						<line hits="1" number="2384"/>
						<line hits="1" number="2385"/>
						<line hits="1" number="2386"/>
						<line hits="1" number="2388"/>
						<line hits="1" number="2389"/>
						<line hits="0" number="2391"/>
						<line hits="0" number="2392"/>
						<line hits="0" number="2393"/>
						<line hits="1" number="2396"/>
						<line hits="1" number="2397"/>
						<line hits="1" number="2411"/>
						<line hits="1" number="2414"/>
						<line hits="0" number="2415"/>
						<line hits="0" number="2416"/>
						<line hits="0" number="2417"/>
						<line hits="0" number="2418"/>
						<line hits="0" number="2419"/>
						<line hits="0" number="2420"/>
						<line hits="0" number="2421"/>
						<line hits="1" number="2423"/>
						<line hits="0" number="2424"/>
						<line hits="0" number="2425"/>
						<line hits="0" number="2426"/>
						<line hits="0" number="2427"/>
						<line hits="0" number="2428"/>
						<line hits="0" number="2429"/>
						<line hits="1" number="2431"/>
						<line hits="0" number="2432"/>
						<line hits="1" number="2434"/>
						<line hits="0" number="2438"/>
						<line hits="0" number="2439"/>
						<line hits="0" number="2445"/>
						<line hits="0" number="2446"/>
						<line hits="0" number="2447"/>
						<line hits="1" number="2449"/>
						<line hits="0" number="2453"/>
						<line hits="0" number="2454"/>
						<line hits="0" number="2455"/>
						<line hits="0" number="2456"/>
						<line hits="0" number="2457"/>
						<line hits="1" number="2459"/>
						<line hits="0" number="2460"/>
						<line hits="0" number="2461"/>
						<line hits="0" number="2468"/>
						<line hits="0" number="2469"/>
						<line hits="0" number="2470"/>
						<line hits="1" number="2472"/>
						<line hits="1" number="2481"/>
						<line hits="1" number="2482"/>
						<line hits="0" number="2492"/>
						<line hits="0" number="2493"/>
						<line hits="0" number="2494"/>
						<line hits="0" number="2495"/>
						<line hits="0" number="2496"/>
						<line hits="0" number="2497"/>
						<line hits="0" number="2498"/>
						<line hits="0" number="2499"/>
						<line hits="1" number="2501"/>
						<line hits="0" number="2503"/>
						<line hits="0" number="2504"/>
						<line hits="0" number="2505"/>
						<line hits="0" number="2506"/>
						<line hits="0" number="2507"/>
						<line hits="0" number="2508"/>
						<line hits="1" number="2510"/>
						<line hits="1" number="2511"/>
						<line hits="0" number="2513"/>
						<line hits="0" number="2514"/>
						<line hits="0" number="2515"/>
						<line hits="0" number="2516"/>
						<line hits="0" number="2517"/>
						<line hits="0" number="2518"/>
						<line hits="0" number="2519"/>
						<line hits="0" number="2520"/>
						<line hits="0" number="2521"/>
						<line hits="1" number="2523"/>
						<line hits="1" number="2524"/>
						<line hits="0" number="2526"/>
						<line hits="0" number="2527"/>
						<line hits="0" number="2529"/>
						<line hits="0" number="2530"/>
						<line hits="0" number="2531"/>
						<line hits="0" number="2532"/>
						<line hits="0" number="2533"/>
						<line hits="0" number="2534"/>
						<line hits="0" number="2535"/>
						<line hits="0" number="2536"/>
						<line hits="0" number="2537"/>
						<line hits="0" number="2538"/>
						<line hits="0" number="2539"/>
						<line hits="0" number="2540"/>
						<line hits="1" number="2543"/>
						<line hits="1" number="2548"/>
						<line hits="1" number="2549"/>
						<line hits="1" number="2550"/>
						<line hits="1" number="2551"/>
						<line hits="1" number="2552"/>
						<line hits="1" number="2553"/>
						<line hits="1" number="2556"/>
						<line hits="1" number="2558"/>
						<line hits="1" number="2560"/>
						<line hits="1" number="2564"/>
						<line hits="1" number="2565"/>
						<line hits="1" number="2566"/>
						<line hits="1" number="2567"/>
						<line hits="1" number="2568"/>
						<line hits="1" number="2569"/>
						<line hits="1" number="2570"/>
						<line hits="1" number="2571"/>
						<line hits="1" number="2573"/>
						<line hits="1" number="2574"/>
						<line hits="1" number="2575"/>
						<line hits="1" number="2576"/>
						<line hits="1" number="2577"/>
						<line hits="1" number="2578"/>
						<line hits="1" number="2580"/>
						<line hits="1" number="2581"/>
						<line hits="1" number="2582"/>
						<line hits="1" number="2585"/>
						<line hits="1" number="2590"/>
						<line hits="1" number="2591"/>
						<line hits="1" number="2593"/>
						<line hits="0" number="2595"/>
						<line hits="1" number="2604"/>
						<line hits="0" number="2605"/>
						<line hits="1" number="2607"/>
						<line hits="0" number="2608"/>
						<line hits="1" number="2610"/>
						<line hits="0" number="2611"/>
						<line hits="1" number="2613"/>
						<line hits="0" number="2614"/>
						<line hits="1" number="2616"/>
						<line hits="0" number="2617"/>
						<line hits="1" number="2619"/>
						<line hits="0" number="2620"/>
						<line hits="0" number="2622"/>
						<line hits="0" number="2623"/>
						<line hits="1" number="2625"/>
						<line hits="0" number="2626"/>
						<line hits="1" number="2632"/>
						<line hits="1" number="2634"/>
						<line hits="1" number="2635"/>
						<line hits="1" number="2636"/>
						<line hits="1" number="2637"/>
						<line hits="1" number="2638"/>
						<line hits="1" number="2640"/>
						<line hits="0" number="2642"/>
						<line hits="0" number="2643"/>
						<line hits="0" number="2645"/>
						<line hits="1" number="2647"/>
						<line hits="0" number="2648"/>
						<line hits="0" number="2649"/>
						<line hits="0" number="2650"/>
						<line hits="0" number="2651"/>
						<line hits="0" number="2659"/>
						<line hits="0" number="2660"/>
						<line hits="0" number="2662"/>
						<line hits="0" number="2671"/>
						<line hits="1" number="2673"/>
						<line hits="1" number="2675"/>
						<line hits="1" number="2676"/>
						<line hits="0" number="2677"/>
						<line hits="0" number="2678"/>
						<line hits="0" number="2679"/>
						<line hits="0" number="2680"/>
						<line hits="0" number="2681"/>
						<line hits="0" number="2684"/>
						<line hits="0" number="2686"/>
						<line hits="1" number="2688"/>
						<line hits="0" number="2694"/>
						<line hits="0" number="2695"/>
						<line hits="0" number="2696"/>
						<line hits="0" number="2697"/>
						<line hits="0" number="2698"/>
						<line hits="1" number="2700"/>
						<line hits="0" number="2707"/>
						<line hits="0" number="2708"/>
						<line hits="0" number="2709"/>
						<line hits="0" number="2710"/>
						<line hits="0" number="2711"/>
						<line hits="0" number="2715"/>
						<line hits="0" number="2716"/>
						<line hits="0" number="2717"/>
						<line hits="0" number="2719"/>
						<line hits="0" number="2720"/>
						<line hits="1" number="2722"/>
						<line hits="0" number="2723"/>
						<line hits="0" number="2724"/>
						<line hits="0" number="2725"/>
						<line hits="0" number="2726"/>
						<line hits="0" number="2727"/>
						<line hits="1" number="2729"/>
						<line hits="0" number="2731"/>
						<line hits="0" number="2732"/>
						<line hits="0" number="2733"/>
						<line hits="0" number="2734"/>
						<line hits="0" number="2735"/>
						<line hits="0" number="2736"/>
						<line hits="0" number="2737"/>
						<line hits="0" number="2738"/>
						<line hits="0" number="2741"/>
						<line hits="1" number="2743"/>
						<line hits="0" number="2747"/>
						<line hits="0" number="2751"/>
						<line hits="0" number="2755"/>
						<line hits="0" number="2756"/>
						<line hits="0" number="2758"/>
						<line hits="1" number="2760"/>
						<line hits="1" number="2761"/>
						<line hits="1" number="2762"/>
						<line hits="1" number="2763"/>
						<line hits="1" number="2765"/>
						<line hits="1" number="2766"/>
						<line hits="1" number="2767"/>
						<line hits="1" number="2769"/>
						<line hits="1" number="2771"/>
						<line hits="1" number="2773"/>
						<line hits="1" number="2774"/>
						<line hits="1" number="2775"/>
						<line hits="1" number="2776"/>
						<line hits="1" number="2777"/>
						<line hits="1" number="2778"/>
						<line hits="1" number="2779"/>
						<line hits="1" number="2780"/>
						<line hits="1" number="2782"/>
						<line hits="0" number="2784"/>
						<line hits="0" number="2789"/>
						<line hits="0" number="2790"/>
						<line hits="0" number="2791"/>
						<line hits="1" number="2793"/>
						<line hits="0" number="2794"/>
						<line hits="0" number="2795"/>
						<line hits="0" number="2797"/>
						<line hits="1" number="2799"/>
						<line hits="0" number="2800"/>
						<line hits="0" number="2801"/>
						<line hits="0" number="2802"/>
						<line hits="0" number="2803"/>
						<line hits="0" number="2804"/>
						<line hits="0" number="2805"/>
						<line hits="1" number="2807"/>
						<line hits="1" number="2809"/>
						<line hits="1" number="2810"/>
						<line hits="1" number="2811"/>
						<line hits="1" number="2813"/>
						<line hits="0" number="2814"/>
						<line hits="1" number="2822"/>
						<line hits="1" number="2823"/>
						<line hits="1" number="2824"/>
						<line hits="1" number="2829"/>
						<line hits="0" number="2831"/>
						<line hits="0" number="2832"/>
						<line hits="0" number="2834"/>
						<line hits="0" number="2836"/>
						<line hits="1" number="2838"/>
						<line hits="0" number="2840"/>
						<line hits="0" number="2841"/>
						<line hits="0" number="2842"/>
						<line hits="0" number="2843"/>
						<line hits="1" number="2845"/>
						<line hits="0" number="2847"/>
						<line hits="0" number="2848"/>
						<line hits="0" number="2849"/>
						<line hits="0" number="2850"/>
						<line hits="0" number="2853"/>
						<line hits="0" number="2854"/>
						<line hits="0" number="2855"/>
						<line hits="1" number="2857"/>
						<line hits="0" number="2859"/>
						<line hits="1" number="2861"/>
						<line hits="1" number="2881"/>
						<line hits="1" number="2882"/>
						<line hits="0" number="2883"/>
						<line hits="1" number="2885"/>
						<line hits="1" number="2886"/>
						<line hits="1" number="2887"/>
						<line hits="1" number="2889"/>
						<line hits="1" number="2890"/>
						<line hits="1" number="2891"/>
						<line hits="0" number="2892"/>
						<line hits="1" number="2896"/>
						<line hits="1" number="2897"/>
						<line hits="1" number="2900"/>
						<line hits="1" number="2901"/>
						<line hits="0" number="2902"/>
						<line hits="0" number="2903"/>
						<line hits="0" number="2904"/>
						<line hits="0" number="2905"/>
						<line hits="0" number="2906"/>
						<line hits="0" number="2908"/>
						<line hits="0" number="2909"/>
						<line hits="0" number="2910"/>
						<line hits="0" number="2911"/>
						<line hits="0" number="2913"/>
						<line hits="0" number="2914"/>
						<line hits="0" number="2917"/>
						<line hits="0" number="2918"/>
						<line hits="0" number="2919"/>
						<line hits="0" number="2920"/>
						<line hits="0" number="2921"/>
						<line hits="0" number="2923"/>
						<line hits="0" number="2925"/>
						<line hits="0" number="2927"/>
						<line hits="1" number="2929"/>
						<line hits="0" number="2930"/>
						<line hits="0" number="2932"/>
						<line hits="0" number="2934"/>
						<line hits="0" number="2935"/>
						<line hits="0" number="2936"/>
						<line hits="0" number="2937"/>
						<line hits="0" number="2939"/>
						<line hits="0" number="2940"/>
						<line hits="0" number="2941"/>
						<line hits="0" number="2942"/>
						<line hits="0" number="2943"/>
						<line hits="0" number="2945"/>
						<line hits="0" number="2946"/>
						<line hits="1" number="2951"/>
						<line hits="0" number="2952"/>
						<line hits="0" number="2953"/>
						<line hits="0" number="2954"/>
						<line hits="0" number="2955"/>
						<line hits="0" number="2956"/>
						<line hits="0" number="2957"/>
						<line hits="1" number="2959"/>
						<line hits="0" number="2961"/>
						<line hits="0" number="2962"/>
						<line hits="0" number="2963"/>
						<line hits="0" number="2964"/>
						<line hits="0" number="2965"/>
						<line hits="1" number="2967"/>
						<line hits="0" number="2969"/>
						<line hits="1" number="2972"/>
						<line hits="1" number="2973"/>
						<line hits="1" number="2985"/>
						<line hits="1" number="2986"/>
						<line hits="1" number="2987"/>
						<line hits="1" number="2988"/>
						<line hits="1" number="2991"/>
						<line hits="1" number="2996"/>
						<line hits="1" number="2997"/>
						<line hits="1" number="2999"/>
						<line hits="0" number="3002"/>
						<line hits="0" number="3003"/>
						<line hits="0" number="3004"/>
						<line hits="0" number="3005"/>
						<line hits="0" number="3006"/>
						<line hits="0" number="3007"/>
						<line hits="1" number="3009"/>
						<line hits="0" number="3011"/>
						<line hits="0" number="3012"/>
						<line hits="0" number="3013"/>
						<line hits="0" number="3014"/>
						<line hits="0" number="3015"/>
						<line hits="1" number="3017"/>
						<line hits="0" number="3019"/>
						<line hits="0" number="3021"/>
						<line hits="0" number="3023"/>
						<line hits="0" number="3024"/>
						<line hits="0" number="3026"/>
						<line hits="0" number="3027"/>
						<line hits="0" number="3028"/>
						<line hits="0" number="3029"/>
						<line hits="0" number="3031"/>
						<line hits="0" number="3032"/>
						<line hits="0" number="3034"/>
						<line hits="0" number="3035"/>
						<line hits="0" number="3036"/>
						<line hits="0" number="3038"/>
						<line hits="1" number="3041"/>
						<line hits="1" number="3048"/>
						<line hits="0" number="3049"/>
						<line hits="0" number="3050"/>
						<line hits="0" number="3051"/>
						<line hits="0" number="3054"/>
						<line hits="0" number="3055"/>
						<line hits="0" number="3056"/>
						<line hits="0" number="3057"/>
						<line hits="0" number="3058"/>
						<line hits="1" number="3061"/>
						<line hits="1" number="3067"/>
						<line hits="1" number="3069"/>
						<line hits="1" number="3071"/>
						<line hits="0" number="3072"/>
						<line hits="1" number="3074"/>
						<line hits="0" number="3075"/>
						<line hits="0" number="3076"/>
						<line hits="0" number="3077"/>
						<line hits="0" number="3078"/>
						<line hits="0" number="3079"/>
						<line hits="1" number="3080"/>
						<line hits="1" number="3083"/>
						<line hits="1" number="3087"/>
						<line hits="1" number="3088"/>
						<line hits="1" number="3090"/>
						<line hits="1" number="3091"/>
						<line hits="1" number="3092"/>
						<line hits="1" number="3093"/>
						<line hits="1" number="3094"/>
						<line hits="1" number="3096"/>
						<line hits="1" number="3097"/>
						<line hits="1" number="3104"/>
						<line hits="1" number="3106"/>
						<line hits="0" number="3107"/>
						<line hits="1" number="3112"/>
						<line hits="0" number="3113"/>
						<line hits="1" number="3115"/>
						<line hits="1" number="3116"/>
						<line hits="1" number="3117"/>
						<line hits="0" number="3118"/>
						<line hits="1" number="3120"/>
						<line hits="1" number="3125"/>
						<line hits="1" number="3127"/>
						<line hits="0" number="3128"/>
						<line hits="1" number="3130"/>
						<line hits="0" number="3131"/>
						<line hits="1" number="3133"/>
						<line hits="1" number="3135"/>
						<line hits="1" number="3136"/>
						<line hits="1" number="3139"/>
						<line hits="1" number="3144"/>
						<line hits="0" number="3145"/>
						<line hits="1" number="3146"/>
						<line hits="1" number="3149"/>
						<line hits="1" number="3151"/>
						<line hits="1" number="3152"/>
						<line hits="1" number="3153"/>
						<line hits="1" number="3154"/>
						<line hits="1" number="3157"/>
						<line hits="0" number="3159"/>
						<line hits="0" number="3160"/>
						<line hits="1" number="3163"/>
						<line hits="0" number="3165"/>
						<line hits="0" number="3166"/>
						<line hits="0" number="3167"/>
						<line hits="0" number="3168"/>
						<line hits="0" number="3169"/>
						<line hits="0" number="3170"/>
						<line hits="0" number="3171"/>
						<line hits="0" number="3172"/>
						<line hits="0" number="3173"/>
						<line hits="1" number="3176"/>
						<line hits="0" number="3184"/>
						<line hits="0" number="3185"/>
						<line hits="0" number="3186"/>
						<line hits="0" number="3187"/>
						<line hits="0" number="3188"/>
						<line hits="0" number="3189"/>
						<line hits="0" number="3190"/>
						<line hits="0" number="3191"/>
						<line hits="0" number="3192"/>
						<line hits="0" number="3194"/>
						<line hits="0" number="3196"/>
						<line hits="0" number="3199"/>
						<line hits="1" number="3202"/>
						<line hits="0" number="3203"/>
						<line hits="0" number="3204"/>
						<line hits="0" number="3206"/>
						<line hits="0" number="3207"/>
						<line hits="0" number="3210"/>
						<line hits="1" number="3217"/>
						<line hits="1" number="3221"/>
						<line hits="1" number="3222"/>
						<line hits="1" number="3223"/>
						<line hits="1" number="3226"/>
						<line hits="1" number="3227"/>
						<line hits="1" number="3229"/>
						<line hits="1" number="3230"/>
						<line hits="1" number="3231"/>
						<line hits="1" number="3238"/>
						<line hits="1" number="3251"/>
						<line hits="1" number="3252"/>
						<line hits="1" number="3254"/>
						<line hits="1" number="3255"/>
						<line hits="1" number="3256"/>
						<line hits="1" number="3257"/>
						<line hits="1" number="3259"/>
						<line hits="1" number="3264"/>
						<line hits="1" number="3268"/>
						<line hits="1" number="3272"/>
						<line hits="1" number="3274"/>
						<line hits="1" number="3275"/>
						<line hits="1" number="3278"/>
					</lines>
				</class>
			</classes>
		</package>
		<package branch-rate="0" complexity="0" line-rate="0.4392" name=".home.owen..local.lib.python3.7.site-packages.pkg_resources._vendor">
			<classes>
				<class branch-rate="0" complexity="0" filename="/home/owen/.local/lib/python3.7/site-packages/pkg_resources/_vendor/__init__.py" line-rate="1" name="__init__.py">
					<methods/>
					<lines/>
				</class>
				<class branch-rate="0" complexity="0" filename="/home/owen/.local/lib/python3.7/site-packages/pkg_resources/_vendor/appdirs.py" line-rate="0.128" name="appdirs.py">
					<methods/>
					<lines>
						<line hits="1" number="6"/>
						<line hits="1" number="16"/>
						<line hits="1" number="17"/>
						<line hits="1" number="20"/>
						<line hits="1" number="21"/>
						<line hits="1" number="23"/>
						<line hits="1" number="25"/>
						<line hits="1" number="26"/>
						<line hits="1" number="28"/>
						<line hits="0" number="29"/>
						<line hits="0" number="30"/>
						<line hits="0" number="31"/>
						<line hits="0" number="32"/>
						<line hits="0" number="33"/>
						<line hits="0" number="34"/>
						<line hits="0" number="39"/>
						<line hits="1" number="41"/>
						<line hits="1" number="45"/>
						<line hits="0" number="77"/>
						<line hits="0" number="78"/>
						<line hits="0" number="79"/>
						<line hits="0" number="80"/>
						<line hits="0" number="81"/>
						<line hits="0" number="82"/>
						<line hits="0" number="83"/>
						<line hits="0" number="84"/>
						<line hits="0" number="86"/>
						<line hits="0" number="87"/>
						<line hits="0" number="88"/>
						<line hits="0" number="89"/>
						<line hits="0" number="90"/>
						<line hits="0" number="92"/>
						<line hits="0" number="93"/>
						<line hits="0" number="94"/>
						<line hits="0" number="95"/>
						<line hits="0" number="96"/>
						<line hits="0" number="97"/>
						<line hits="1" number="100"/>
						<line hits="0" number="131"/>
						<line hits="0" number="132"/>
						<line hits="0" number="133"/>
						<line hits="0" number="134"/>
						<line hits="0" number="135"/>
						<line hits="0" number="136"/>
						<line hits="0" number="137"/>
						<line hits="0" number="139"/>
						<line hits="0" number="140"/>
						<line hits="0" number="141"/>
						<line hits="0" number="142"/>
						<line hits="0" number="143"/>
						<line hits="0" number="147"/>
						<line hits="0" number="149"/>
						<line hits="0" number="150"/>
						<line hits="0" number="151"/>
						<line hits="0" number="152"/>
						<line hits="0" number="153"/>
						<line hits="0" number="155"/>
						<line hits="0" number="156"/>
						<line hits="0" number="158"/>
						<line hits="0" number="159"/>
						<line hits="0" number="161"/>
						<line hits="0" number="162"/>
						<line hits="0" number="163"/>
						<line hits="1" number="166"/>
						<line hits="0" number="195"/>
						<line hits="0" number="196"/>
						<line hits="0" number="198"/>
						<line hits="0" number="199"/>
						<line hits="0" number="200"/>
						<line hits="0" number="201"/>
						<line hits="0" number="202"/>
						<line hits="0" number="203"/>
						<line hits="1" number="206"/>
						<line hits="0" number="236"/>
						<line hits="0" number="237"/>
						<line hits="0" number="238"/>
						<line hits="0" number="239"/>
						<line hits="0" number="243"/>
						<line hits="0" number="244"/>
						<line hits="0" number="245"/>
						<line hits="0" number="246"/>
						<line hits="0" number="247"/>
						<line hits="0" number="248"/>
						<line hits="0" number="250"/>
						<line hits="0" number="251"/>
						<line hits="0" number="253"/>
						<line hits="0" number="254"/>
						<line hits="1" number="257"/>
						<line hits="0" number="290"/>
						<line hits="0" number="291"/>
						<line hits="0" number="292"/>
						<line hits="0" number="293"/>
						<line hits="0" number="294"/>
						<line hits="0" number="295"/>
						<line hits="0" number="296"/>
						<line hits="0" number="298"/>
						<line hits="0" number="299"/>
						<line hits="0" number="300"/>
						<line hits="0" number="301"/>
						<line hits="0" number="302"/>
						<line hits="0" number="303"/>
						<line hits="0" number="304"/>
						<line hits="0" number="306"/>
						<line hits="0" number="307"/>
						<line hits="0" number="308"/>
						<line hits="0" number="309"/>
						<line hits="0" number="310"/>
						<line hits="0" number="311"/>
						<line hits="1" number="314"/>
						<line hits="0" number="345"/>
						<line hits="0" number="346"/>
						<line hits="0" number="348"/>
						<line hits="0" number="349"/>
						<line hits="0" number="350"/>
						<line hits="0" number="351"/>
						<line hits="0" number="352"/>
						<line hits="0" number="353"/>
						<line hits="1" number="356"/>
						<line hits="0" number="388"/>
						<line hits="0" number="389"/>
						<line hits="0" number="392"/>
						<line hits="0" number="393"/>
						<line hits="0" number="394"/>
						<line hits="0" number="395"/>
						<line hits="0" number="396"/>
						<line hits="0" number="398"/>
						<line hits="0" number="399"/>
						<line hits="0" number="400"/>
						<line hits="0" number="401"/>
						<line hits="0" number="402"/>
						<line hits="0" number="403"/>
						<line hits="0" number="404"/>
						<line hits="1" number="407"/>
						<line hits="1" number="409"/>
						<line hits="0" number="411"/>
						<line hits="0" number="412"/>
						<line hits="0" number="413"/>
						<line hits="0" number="414"/>
						<line hits="0" number="415"/>
						<line hits="1" number="417"/>
						<line hits="0" number="419"/>
						<line hits="1" number="422"/>
						<line hits="0" number="424"/>
						<line hits="1" number="427"/>
						<line hits="0" number="429"/>
						<line hits="1" number="432"/>
						<line hits="0" number="434"/>
						<line hits="1" number="437"/>
						<line hits="0" number="439"/>
						<line hits="1" number="442"/>
						<line hits="0" number="444"/>
						<line hits="1" number="447"/>
						<line hits="0" number="449"/>
						<line hits="1" number="455"/>
						<line hits="0" number="460"/>
						<line hits="0" number="461"/>
						<line hits="0" number="463"/>
						<line hits="0" number="465"/>
						<line hits="0" number="471"/>
						<line hits="0" number="475"/>
						<line hits="0" number="476"/>
						<line hits="1" number="479"/>
						<line hits="0" number="480"/>
						<line hits="0" number="481"/>
						<line hits="0" number="485"/>
						<line hits="0" number="486"/>
						<line hits="0" number="490"/>
						<line hits="0" number="491"/>
						<line hits="0" number="492"/>
						<line hits="0" number="493"/>
						<line hits="0" number="494"/>
						<line hits="0" number="495"/>
						<line hits="0" number="496"/>
						<line hits="0" number="497"/>
						<line hits="0" number="498"/>
						<line hits="0" number="499"/>
						<line hits="0" number="500"/>
						<line hits="0" number="501"/>
						<line hits="0" number="502"/>
						<line hits="0" number="503"/>
						<line hits="1" number="506"/>
						<line hits="0" number="507"/>
						<line hits="0" number="509"/>
						<line hits="0" number="515"/>
						<line hits="0" number="516"/>
						<line hits="0" number="520"/>
						<line hits="0" number="521"/>
						<line hits="0" number="522"/>
						<line hits="0" number="523"/>
						<line hits="0" number="524"/>
						<line hits="0" number="525"/>
						<line hits="0" number="526"/>
						<line hits="0" number="527"/>
						<line hits="0" number="528"/>
						<line hits="0" number="530"/>
						<line hits="1" number="532"/>
						<line hits="0" number="533"/>
						<line hits="0" number="534"/>
						<line hits="0" number="535"/>
						<line hits="0" number="537"/>
						<line hits="0" number="538"/>
						<line hits="0" number="539"/>
						<line hits="0" number="540"/>
						<line hits="0" number="541"/>
						<line hits="0" number="545"/>
						<line hits="0" number="546"/>
						<line hits="0" number="547"/>
						<line hits="0" number="548"/>
						<line hits="0" number="549"/>
						<line hits="0" number="550"/>
						<line hits="0" number="551"/>
						<line hits="0" number="552"/>
						<line hits="0" number="553"/>
						<line hits="0" number="554"/>
						<line hits="0" number="556"/>
						<line hits="1" number="558"/>
						<line hits="0" number="559"/>
						<line hits="0" number="560"/>
						<line hits="0" number="561"/>
						<line hits="0" number="562"/>
						<line hits="0" number="563"/>
						<line hits="0" number="564"/>
						<line hits="0" number="565"/>
						<line hits="0" number="566"/>
						<line hits="0" number="567"/>
						<line hits="0" number="568"/>
						<line hits="0" number="569"/>
						<line hits="0" number="570"/>
						<line hits="0" number="571"/>
						<line hits="1" number="576"/>
						<line hits="0" number="577"/>
						<line hits="0" number="578"/>
						<line hits="0" number="580"/>
						<line hits="0" number="588"/>
						<line hits="0" number="590"/>
						<line hits="0" number="591"/>
						<line hits="0" number="592"/>
						<line hits="0" number="593"/>
						<line hits="0" number="595"/>
						<line hits="0" number="596"/>
						<line hits="0" number="597"/>
						<line hits="0" number="598"/>
						<line hits="0" number="600"/>
						<line hits="0" number="601"/>
						<line hits="0" number="602"/>
						<line hits="0" number="603"/>
						<line hits="0" number="605"/>
						<line hits="0" number="606"/>
						<line hits="0" number="607"/>
						<line hits="0" number="608"/>
					</lines>
				</class>
				<class branch-rate="0" complexity="0" filename="/home/owen/.local/lib/python3.7/site-packages/pkg_resources/_vendor/pyparsing.py" line-rate="0.4699" name="pyparsing.py">
					<methods/>
					<lines>
						<line hits="1" number="25"/>
						<line hits="1" number="77"/>
						<line hits="1" number="78"/>
						<line hits="1" number="79"/>
						<line hits="1" number="81"/>
						<line hits="1" number="82"/>
						<line hits="1" number="83"/>
						<line hits="1" number="84"/>
						<line hits="1" number="85"/>
						<line hits="1" number="86"/>
						<line hits="1" number="87"/>
						<line hits="1" number="88"/>
						<line hits="1" number="89"/>
						<line hits="1" number="90"/>
						<line hits="1" number="91"/>
						<line hits="1" number="92"/>
						<line hits="1" number="94"/>
						<line hits="1" number="95"/>
						<line hits="0" number="96"/>
						<line hits="0" number="97"/>
						<line hits="1" number="99"/>
						<line hits="1" number="101"/>
						<line hits="1" number="102"/>
						<line hits="0" number="103"/>
						<line hits="0" number="105"/>
						<line hits="0" number="106"/>
						<line hits="1" number="108"/>
						<line hits="1" number="109"/>
						<line hits="0" number="110"/>
						<line hits="0" number="111"/>
						<line hits="0" number="112"/>
						<line hits="0" number="113"/>
						<line hits="0" number="114"/>
						<line hits="1" number="118"/>
						<line hits="1" number="139"/>
						<line hits="1" number="140"/>
						<line hits="1" number="141"/>
						<line hits="1" number="142"/>
						<line hits="1" number="143"/>
						<line hits="1" number="144"/>
						<line hits="1" number="145"/>
						<line hits="1" number="148"/>
						<line hits="0" number="151"/>
						<line hits="0" number="152"/>
						<line hits="0" number="154"/>
						<line hits="0" number="159"/>
						<line hits="0" number="160"/>
						<line hits="0" number="162"/>
						<line hits="0" number="165"/>
						<line hits="0" number="167"/>
						<line hits="0" number="169"/>
						<line hits="0" number="170"/>
						<line hits="0" number="171"/>
						<line hits="0" number="172"/>
						<line hits="0" number="175"/>
						<line hits="0" number="176"/>
						<line hits="0" number="177"/>
						<line hits="0" number="178"/>
						<line hits="0" number="179"/>
						<line hits="0" number="180"/>
						<line hits="0" number="181"/>
						<line hits="1" number="183"/>
						<line hits="1" number="185"/>
						<line hits="0" number="189"/>
						<line hits="0" number="190"/>
						<line hits="0" number="191"/>
						<line hits="0" number="192"/>
						<line hits="0" number="193"/>
						<line hits="1" number="195"/>
						<line hits="1" number="196"/>
						<line hits="1" number="198"/>
						<line hits="1" number="199"/>
						<line hits="1" number="200"/>
						<line hits="1" number="201"/>
						<line hits="1" number="202"/>
						<line hits="1" number="203"/>
						<line hits="1" number="205"/>
						<line hits="1" number="209"/>
						<line hits="1" number="210"/>
						<line hits="1" number="211"/>
						<line hits="0" number="212"/>
						<line hits="0" number="213"/>
						<line hits="1" number="215"/>
						<line hits="1" number="216"/>
						<line hits="1" number="217"/>
						<line hits="1" number="218"/>
						<line hits="1" number="220"/>
						<line hits="0" number="226"/>
						<line hits="1" number="228"/>
						<line hits="0" number="234"/>
						<line hits="0" number="235"/>
						<line hits="0" number="236"/>
						<line hits="0" number="237"/>
						<line hits="0" number="238"/>
						<line hits="0" number="239"/>
						<line hits="0" number="241"/>
						<line hits="1" number="243"/>
						<line hits="0" number="244"/>
						<line hits="1" number="246"/>
						<line hits="0" number="247"/>
						<line hits="1" number="248"/>
						<line hits="0" number="252"/>
						<line hits="0" number="253"/>
						<line hits="0" number="254"/>
						<line hits="0" number="255"/>
						<line hits="0" number="257"/>
						<line hits="1" number="258"/>
						<line hits="0" number="259"/>
						<line hits="1" number="261"/>
						<line hits="1" number="280"/>
						<line hits="1" number="282"/>
						<line hits="1" number="285"/>
						<line hits="1" number="287"/>
						<line hits="1" number="291"/>
						<line hits="1" number="306"/>
						<line hits="1" number="308"/>
						<line hits="0" number="309"/>
						<line hits="1" number="311"/>
						<line hits="0" number="312"/>
						<line hits="1" number="314"/>
						<line hits="1" number="315"/>
						<line hits="1" number="316"/>
						<line hits="1" number="317"/>
						<line hits="1" number="318"/>
						<line hits="1" number="319"/>
						<line hits="0" number="320"/>
						<line hits="1" number="321"/>
						<line hits="0" number="322"/>
						<line hits="1" number="324"/>
						<line hits="1" number="363"/>
						<line hits="1" number="364"/>
						<line hits="1" number="365"/>
						<line hits="1" number="366"/>
						<line hits="1" number="367"/>
						<line hits="1" number="368"/>
						<line hits="1" number="372"/>
						<line hits="1" number="373"/>
						<line hits="1" number="374"/>
						<line hits="1" number="375"/>
						<line hits="1" number="376"/>
						<line hits="1" number="377"/>
						<line hits="1" number="378"/>
						<line hits="1" number="379"/>
						<line hits="1" number="380"/>
						<line hits="0" number="381"/>
						<line hits="1" number="382"/>
						<line hits="1" number="383"/>
						<line hits="1" number="384"/>
						<line hits="0" number="385"/>
						<line hits="1" number="387"/>
						<line hits="1" number="388"/>
						<line hits="1" number="390"/>
						<line hits="1" number="391"/>
						<line hits="0" number="392"/>
						<line hits="1" number="393"/>
						<line hits="0" number="394"/>
						<line hits="1" number="395"/>
						<line hits="1" number="396"/>
						<line hits="1" number="397"/>
						<line hits="0" number="398"/>
						<line hits="1" number="399"/>
						<line hits="1" number="400"/>
						<line hits="1" number="401"/>
						<line hits="1" number="403"/>
						<line hits="1" number="404"/>
						<line hits="1" number="406"/>
						<line hits="1" number="407"/>
						<line hits="1" number="408"/>
						<line hits="1" number="409"/>
						<line hits="1" number="411"/>
						<line hits="1" number="412"/>
						<line hits="1" number="413"/>
						<line hits="1" number="415"/>
						<line hits="1" number="416"/>
						<line hits="0" number="418"/>
						<line hits="1" number="420"/>
						<line hits="1" number="421"/>
						<line hits="1" number="422"/>
						<line hits="1" number="423"/>
						<line hits="1" number="424"/>
						<line hits="0" number="425"/>
						<line hits="0" number="426"/>
						<line hits="1" number="428"/>
						<line hits="1" number="429"/>
						<line hits="1" number="430"/>
						<line hits="1" number="431"/>
						<line hits="1" number="433"/>
						<line hits="1" number="434"/>
						<line hits="1" number="435"/>
						<line hits="1" number="436"/>
						<line hits="1" number="439"/>
						<line hits="0" number="440"/>
						<line hits="0" number="441"/>
						<line hits="0" number="442"/>
						<line hits="1" number="444"/>
						<line hits="1" number="445"/>
[...]
						<line hits="0" number="173"/>
						<line hits="0" number="174"/>
						<line hits="0" number="175"/>
						<line hits="0" number="176"/>
						<line hits="0" number="177"/>
						<line hits="0" number="178"/>
						<line hits="0" number="180"/>
						<line hits="0" number="181"/>
						<line hits="0" number="182"/>
						<line hits="0" number="183"/>
						<line hits="0" number="185"/>
						<line hits="0" number="186"/>
						<line hits="0" number="187"/>
						<line hits="0" number="188"/>
						<line hits="0" number="189"/>
						<line hits="0" number="191"/>
						<line hits="0" number="193"/>
						<line hits="0" number="194"/>
						<line hits="0" number="195"/>
						<line hits="0" number="196"/>
						<line hits="0" number="197"/>
						<line hits="1" number="199"/>
						<line hits="0" number="200"/>
						<line hits="0" number="201"/>
						<line hits="0" number="202"/>
						<line hits="0" number="203"/>
						<line hits="0" number="204"/>
						<line hits="0" number="205"/>
						<line hits="0" number="206"/>
						<line hits="0" number="207"/>
						<line hits="0" number="208"/>
						<line hits="0" number="209"/>
						<line hits="0" number="210"/>
						<line hits="0" number="211"/>
						<line hits="0" number="212"/>
						<line hits="0" number="213"/>
						<line hits="0" number="214"/>
						<line hits="0" number="215"/>
						<line hits="0" number="216"/>
						<line hits="0" number="217"/>
						<line hits="0" number="218"/>
						<line hits="1" number="220"/>
						<line hits="0" number="222"/>
						<line hits="0" number="225"/>
						<line hits="0" number="227"/>
						<line hits="0" number="229"/>
						<line hits="0" number="230"/>
						<line hits="1" number="232"/>
						<line hits="0" number="234"/>
						<line hits="0" number="241"/>
						<line hits="0" number="242"/>
						<line hits="0" number="243"/>
						<line hits="1" number="246"/>
						<line hits="0" number="247"/>
						<line hits="0" number="248"/>
						<line hits="0" number="249"/>
						<line hits="1" number="251"/>
						<line hits="0" number="253"/>
						<line hits="0" number="254"/>
						<line hits="0" number="255"/>
						<line hits="0" number="256"/>
						<line hits="0" number="257"/>
						<line hits="0" number="258"/>
						<line hits="0" number="259"/>
						<line hits="0" number="261"/>
						<line hits="0" number="262"/>
						<line hits="0" number="263"/>
						<line hits="0" number="264"/>
						<line hits="0" number="265"/>
						<line hits="0" number="266"/>
						<line hits="0" number="268"/>
						<line hits="0" number="269"/>
						<line hits="0" number="270"/>
						<line hits="0" number="271"/>
						<line hits="0" number="272"/>
						<line hits="0" number="273"/>
						<line hits="0" number="274"/>
						<line hits="0" number="275"/>
						<line hits="0" number="276"/>
						<line hits="1" number="278"/>
						<line hits="0" number="280"/>
						<line hits="0" number="281"/>
						<line hits="0" number="282"/>
						<line hits="0" number="283"/>
						<line hits="0" number="284"/>
						<line hits="0" number="286"/>
						<line hits="0" number="289"/>
						<line hits="0" number="290"/>
						<line hits="0" number="291"/>
						<line hits="0" number="292"/>
						<line hits="0" number="293"/>
						<line hits="0" number="294"/>
						<line hits="0" number="295"/>
						<line hits="0" number="296"/>
						<line hits="0" number="297"/>
						<line hits="0" number="298"/>
						<line hits="0" number="299"/>
						<line hits="0" number="300"/>
						<line hits="0" number="302"/>
						<line hits="0" number="304"/>
						<line hits="0" number="305"/>
						<line hits="0" number="307"/>
						<line hits="0" number="308"/>
						<line hits="0" number="309"/>
						<line hits="0" number="310"/>
						<line hits="0" number="311"/>
						<line hits="0" number="312"/>
						<line hits="0" number="313"/>
						<line hits="0" number="314"/>
						<line hits="0" number="316"/>
						<line hits="1" number="318"/>
						<line hits="0" number="320"/>
						<line hits="0" number="321"/>
						<line hits="0" number="323"/>
						<line hits="0" number="324"/>
						<line hits="0" number="325"/>
						<line hits="0" number="327"/>
						<line hits="0" number="328"/>
						<line hits="0" number="329"/>
						<line hits="0" number="330"/>
						<line hits="0" number="331"/>
						<line hits="0" number="332"/>
						<line hits="0" number="333"/>
						<line hits="0" number="334"/>
						<line hits="0" number="335"/>
						<line hits="0" number="336"/>
						<line hits="0" number="337"/>
						<line hits="0" number="339"/>
						<line hits="0" number="341"/>
						<line hits="0" number="342"/>
						<line hits="0" number="343"/>
						<line hits="1" number="348"/>
						<line hits="0" number="350"/>
						<line hits="0" number="351"/>
						<line hits="0" number="352"/>
						<line hits="0" number="354"/>
						<line hits="0" number="355"/>
						<line hits="0" number="356"/>
						<line hits="0" number="358"/>
						<line hits="0" number="359"/>
						<line hits="0" number="361"/>
						<line hits="0" number="362"/>
						<line hits="0" number="363"/>
						<line hits="0" number="364"/>
						<line hits="0" number="371"/>
						<line hits="0" number="372"/>
						<line hits="0" number="373"/>
						<line hits="0" number="374"/>
						<line hits="0" number="375"/>
						<line hits="0" number="377"/>
						<line hits="0" number="378"/>
						<line hits="0" number="379"/>
						<line hits="0" number="380"/>
						<line hits="0" number="381"/>
						<line hits="0" number="383"/>
						<line hits="0" number="384"/>
						<line hits="0" number="385"/>
						<line hits="0" number="386"/>
						<line hits="0" number="387"/>
						<line hits="0" number="388"/>
						<line hits="1" number="390"/>
						<line hits="0" number="391"/>
						<line hits="0" number="392"/>
						<line hits="0" number="393"/>
						<line hits="1" number="395"/>
						<line hits="0" number="397"/>
						<line hits="0" number="398"/>
						<line hits="0" number="399"/>
						<line hits="0" number="401"/>
						<line hits="0" number="408"/>
						<line hits="0" number="409"/>
						<line hits="0" number="410"/>
						<line hits="0" number="411"/>
						<line hits="1" number="417"/>
						<line hits="0" number="418"/>
						<line hits="0" number="419"/>
						<line hits="0" number="420"/>
						<line hits="0" number="421"/>
						<line hits="0" number="422"/>
						<line hits="0" number="423"/>
						<line hits="1" number="425"/>
						<line hits="0" number="426"/>
						<line hits="0" number="427"/>
						<line hits="0" number="428"/>
						<line hits="0" number="429"/>
						<line hits="0" number="430"/>
						<line hits="0" number="431"/>
						<line hits="0" number="432"/>
						<line hits="0" number="434"/>
						<line hits="0" number="435"/>
						<line hits="0" number="436"/>
						<line hits="0" number="437"/>
						<line hits="0" number="438"/>
						<line hits="0" number="439"/>
						<line hits="0" number="440"/>
						<line hits="0" number="441"/>
						<line hits="0" number="442"/>
						<line hits="0" number="443"/>
						<line hits="0" number="444"/>
						<line hits="0" number="445"/>
						<line hits="0" number="446"/>
						<line hits="0" number="447"/>
						<line hits="0" number="448"/>
						<line hits="0" number="449"/>
						<line hits="0" number="451"/>
						<line hits="0" number="453"/>
						<line hits="0" number="454"/>
						<line hits="0" number="455"/>
						<line hits="0" number="456"/>
						<line hits="1" number="458"/>
						<line hits="0" number="459"/>
						<line hits="0" number="461"/>
						<line hits="0" number="462"/>
						<line hits="0" number="464"/>
						<line hits="0" number="465"/>
						<line hits="0" number="466"/>
						<line hits="0" number="467"/>
						<line hits="0" number="469"/>
						<line hits="0" number="470"/>
						<line hits="0" number="472"/>
						<line hits="0" number="473"/>
						<line hits="0" number="474"/>
						<line hits="0" number="475"/>
						<line hits="0" number="476"/>
						<line hits="0" number="477"/>
						<line hits="0" number="478"/>
						<line hits="0" number="480"/>
						<line hits="0" number="481"/>
						<line hits="0" number="482"/>
						<line hits="0" number="483"/>
						<line hits="0" number="484"/>
						<line hits="0" number="485"/>
						<line hits="0" number="486"/>
						<line hits="0" number="487"/>
						<line hits="0" number="488"/>
						<line hits="0" number="489"/>
						<line hits="0" number="490"/>
						<line hits="0" number="492"/>
						<line hits="0" number="493"/>
						<line hits="0" number="494"/>
						<line hits="0" number="496"/>
						<line hits="0" number="498"/>
						<line hits="0" number="499"/>
						<line hits="0" number="500"/>
						<line hits="0" number="503"/>
						<line hits="0" number="504"/>
						<line hits="0" number="505"/>
						<line hits="1" number="508"/>
						<line hits="0" number="509"/>
						<line hits="0" number="510"/>
						<line hits="0" number="512"/>
						<line hits="0" number="520"/>
						<line hits="0" number="522"/>
						<line hits="1" number="525"/>
						<line hits="0" number="526"/>
						<line hits="0" number="527"/>
						<line hits="0" number="528"/>
						<line hits="0" number="529"/>
						<line hits="0" number="530"/>
						<line hits="0" number="531"/>
						<line hits="0" number="532"/>
						<line hits="1" number="534"/>
						<line hits="0" number="535"/>
						<line hits="0" number="536"/>
						<line hits="0" number="537"/>
						<line hits="0" number="538"/>
						<line hits="0" number="539"/>
						<line hits="0" number="547"/>
						<line hits="0" number="548"/>
						<line hits="0" number="551"/>
						<line hits="0" number="552"/>
						<line hits="1" number="555"/>
						<line hits="0" number="556"/>
						<line hits="0" number="557"/>
						<line hits="0" number="558"/>
						<line hits="0" number="559"/>
						<line hits="0" number="560"/>
						<line hits="0" number="562"/>
						<line hits="0" number="563"/>
						<line hits="0" number="571"/>
						<line hits="0" number="572"/>
						<line hits="0" number="575"/>
						<line hits="0" number="576"/>
						<line hits="1" number="578"/>
						<line hits="0" number="579"/>
						<line hits="0" number="580"/>
						<line hits="0" number="581"/>
						<line hits="0" number="582"/>
						<line hits="0" number="583"/>
						<line hits="0" number="584"/>
						<line hits="0" number="586"/>
						<line hits="0" number="587"/>
						<line hits="0" number="588"/>
						<line hits="0" number="589"/>
						<line hits="0" number="590"/>
						<line hits="0" number="591"/>
						<line hits="0" number="592"/>
						<line hits="0" number="593"/>
						<line hits="0" number="594"/>
						<line hits="0" number="595"/>
						<line hits="0" number="597"/>
						<line hits="0" number="600"/>
						<line hits="0" number="601"/>
						<line hits="0" number="603"/>
						<line hits="0" number="604"/>
						<line hits="0" number="606"/>
						<line hits="0" number="607"/>
						<line hits="0" number="608"/>
						<line hits="0" number="609"/>
						<line hits="0" number="610"/>
						<line hits="0" number="611"/>
						<line hits="0" number="612"/>
						<line hits="0" number="613"/>
					</lines>
				</class>
				<class branch-rate="0" complexity="0" filename="/home/owen/Documents/scripts/cg2at/database/script_files/read_in.py" line-rate="0.05932" name="read_in.py">
					<methods/>
					<lines>
						<line hits="1" number="3"/>
						<line hits="1" number="4"/>
						<line hits="1" number="5"/>
						<line hits="1" number="6"/>
						<line hits="1" number="7"/>
						<line hits="1" number="9"/>
						<line hits="0" number="10"/>
						<line hits="0" number="11"/>
						<line hits="0" number="12"/>
						<line hits="0" number="13"/>
						<line hits="0" number="14"/>
						<line hits="0" number="15"/>
						<line hits="0" number="16"/>
						<line hits="0" number="17"/>
						<line hits="0" number="18"/>
						<line hits="0" number="19"/>
						<line hits="0" number="20"/>
						<line hits="0" number="21"/>
						<line hits="0" number="23"/>
						<line hits="0" number="25"/>
						<line hits="0" number="26"/>
						<line hits="0" number="28"/>
						<line hits="0" number="29"/>
						<line hits="0" number="30"/>
						<line hits="0" number="33"/>
						<line hits="0" number="34"/>
						<line hits="0" number="35"/>
						<line hits="0" number="36"/>
						<line hits="0" number="37"/>
						<line hits="0" number="38"/>
						<line hits="0" number="39"/>
						<line hits="0" number="40"/>
						<line hits="0" number="41"/>
						<line hits="0" number="42"/>
						<line hits="0" number="43"/>
						<line hits="0" number="44"/>
						<line hits="0" number="46"/>
						<line hits="0" number="47"/>
						<line hits="0" number="49"/>
						<line hits="0" number="50"/>
						<line hits="0" number="51"/>
						<line hits="0" number="52"/>
						<line hits="0" number="53"/>
						<line hits="0" number="55"/>
						<line hits="0" number="56"/>
						<line hits="0" number="58"/>
						<line hits="0" number="59"/>
						<line hits="0" number="60"/>
						<line hits="0" number="61"/>
						<line hits="0" number="62"/>
						<line hits="0" number="63"/>
						<line hits="0" number="64"/>
						<line hits="0" number="65"/>
						<line hits="0" number="66"/>
						<line hits="0" number="67"/>
						<line hits="0" number="68"/>
						<line hits="0" number="69"/>
						<line hits="0" number="70"/>
						<line hits="0" number="72"/>
						<line hits="0" number="73"/>
						<line hits="0" number="74"/>
						<line hits="0" number="75"/>
						<line hits="0" number="76"/>
						<line hits="0" number="77"/>
						<line hits="0" number="78"/>
						<line hits="0" number="79"/>
						<line hits="0" number="80"/>
						<line hits="0" number="82"/>
						<line hits="0" number="83"/>
						<line hits="0" number="84"/>
						<line hits="0" number="85"/>
						<line hits="0" number="86"/>
						<line hits="0" number="87"/>
						<line hits="1" number="89"/>
						<line hits="0" number="90"/>
						<line hits="0" number="91"/>
						<line hits="0" number="92"/>
						<line hits="0" number="93"/>
						<line hits="0" number="94"/>
						<line hits="0" number="95"/>
						<line hits="0" number="96"/>
						<line hits="0" number="97"/>
						<line hits="0" number="98"/>
						<line hits="0" number="99"/>
						<line hits="0" number="100"/>
						<line hits="0" number="101"/>
						<line hits="0" number="102"/>
						<line hits="0" number="103"/>
						<line hits="0" number="104"/>
						<line hits="0" number="105"/>
						<line hits="0" number="106"/>
						<line hits="0" number="107"/>
						<line hits="0" number="109"/>
						<line hits="1" number="112"/>
						<line hits="0" number="113"/>
						<line hits="0" number="114"/>
						<line hits="0" number="115"/>
						<line hits="0" number="116"/>
						<line hits="0" number="117"/>
						<line hits="0" number="118"/>
						<line hits="1" number="120"/>
						<line hits="0" number="121"/>
						<line hits="0" number="123"/>
						<line hits="0" number="124"/>
						<line hits="0" number="125"/>
						<line hits="0" number="126"/>
						<line hits="0" number="127"/>
						<line hits="0" number="128"/>
						<line hits="1" number="130"/>
						<line hits="0" number="131"/>
						<line hits="0" number="132"/>
						<line hits="0" number="133"/>
						<line hits="0" number="134"/>
						<line hits="0" number="135"/>
						<line hits="0" number="136"/>
						<line hits="0" number="137"/>
						<line hits="0" number="138"/>
						<line hits="0" number="139"/>
						<line hits="0" number="140"/>
						<line hits="0" number="141"/>
						<line hits="0" number="142"/>
						<line hits="0" number="144"/>
						<line hits="0" number="146"/>
						<line hits="1" number="148"/>
						<line hits="0" number="150"/>
						<line hits="0" number="151"/>
						<line hits="0" number="152"/>
						<line hits="0" number="153"/>
						<line hits="0" number="154"/>
						<line hits="0" number="155"/>
						<line hits="0" number="156"/>
						<line hits="0" number="157"/>
						<line hits="0" number="158"/>
						<line hits="0" number="159"/>
						<line hits="0" number="160"/>
						<line hits="0" number="161"/>
						<line hits="0" number="162"/>
						<line hits="0" number="163"/>
						<line hits="0" number="164"/>
						<line hits="0" number="165"/>
						<line hits="0" number="166"/>
						<line hits="0" number="167"/>
						<line hits="0" number="168"/>
						<line hits="0" number="169"/>
						<line hits="0" number="170"/>
						<line hits="0" number="171"/>
						<line hits="0" number="172"/>
						<line hits="0" number="173"/>
						<line hits="0" number="174"/>
						<line hits="0" number="175"/>
						<line hits="0" number="177"/>
						<line hits="0" number="178"/>
						<line hits="0" number="180"/>
						<line hits="0" number="181"/>
						<line hits="0" number="182"/>
						<line hits="0" number="183"/>
						<line hits="0" number="184"/>
						<line hits="0" number="185"/>
						<line hits="1" number="187"/>
						<line hits="0" number="188"/>
						<line hits="0" number="189"/>
						<line hits="0" number="190"/>
						<line hits="0" number="191"/>
						<line hits="0" number="192"/>
						<line hits="0" number="193"/>
						<line hits="0" number="194"/>
						<line hits="0" number="195"/>
						<line hits="0" number="196"/>
						<line hits="0" number="197"/>
						<line hits="0" number="198"/>
						<line hits="0" number="199"/>
						<line hits="0" number="200"/>
						<line hits="0" number="201"/>
						<line hits="0" number="202"/>
						<line hits="0" number="203"/>
						<line hits="0" number="204"/>
						<line hits="1" number="209"/>
						<line hits="0" number="211"/>
						<line hits="0" number="212"/>
						<line hits="0" number="213"/>
						<line hits="0" number="215"/>
						<line hits="0" number="216"/>
						<line hits="0" number="217"/>
						<line hits="0" number="219"/>
						<line hits="0" number="221"/>
						<line hits="0" number="222"/>
						<line hits="0" number="223"/>
						<line hits="0" number="224"/>
						<line hits="0" number="225"/>
						<line hits="0" number="226"/>
						<line hits="0" number="227"/>
						<line hits="0" number="228"/>
						<line hits="0" number="229"/>
						<line hits="0" number="230"/>
						<line hits="0" number="231"/>
						<line hits="0" number="233"/>
						<line hits="0" number="234"/>
						<line hits="0" number="236"/>
						<line hits="0" number="237"/>
						<line hits="0" number="238"/>
						<line hits="0" number="240"/>
						<line hits="0" number="241"/>
						<line hits="0" number="242"/>
						<line hits="0" number="243"/>
						<line hits="0" number="244"/>
						<line hits="0" number="245"/>
						<line hits="0" number="246"/>
						<line hits="0" number="247"/>
						<line hits="0" number="248"/>
						<line hits="0" number="249"/>
						<line hits="0" number="250"/>
						<line hits="0" number="251"/>
						<line hits="0" number="252"/>
						<line hits="0" number="253"/>
						<line hits="0" number="254"/>
						<line hits="0" number="255"/>
						<line hits="0" number="256"/>
						<line hits="0" number="257"/>
						<line hits="0" number="258"/>
						<line hits="0" number="260"/>
						<line hits="0" number="262"/>
						<line hits="0" number="263"/>
						<line hits="0" number="264"/>
						<line hits="0" number="265"/>
						<line hits="1" number="267"/>
						<line hits="0" number="268"/>
						<line hits="0" number="269"/>
						<line hits="0" number="270"/>
						<line hits="0" number="271"/>
						<line hits="0" number="272"/>
						<line hits="0" number="273"/>
						<line hits="0" number="274"/>
						<line hits="0" number="275"/>
						<line hits="0" number="276"/>
						<line hits="0" number="277"/>
						<line hits="0" number="279"/>
					</lines>
				</class>
			</classes>
		</package>
	</packages>
</coverage>
